#
# A fatal error has been detected by the Java Runtime Environment:
#
#  Internal Error (methodData.cpp:1025), pid=451, tid=0x0000000000003d03
#  Error: ShouldNotReachHere()
#
# JRE version: OpenJDK Runtime Environment (8.0_112-b06) (build 1.8.0_112-release-b06)
# Java VM: OpenJDK 64-Bit Server VM (25.112-b06 mixed mode bsd-amd64 compressed oops)
# Failed to write core dump. Core dumps have been disabled. To enable core dumping, try "ulimit -c unlimited" before starting Java again
#
# If you would like to submit a bug report, please visit:
#   http://bugreport.java.com/bugreport/crash.jsp
#

---------------  T H R E A D  ---------------

Current thread (0x00007fae1a86d000):  JavaThread "C2 CompilerThread0" daemon [_thread_in_vm, id=15619, stack(0x00007000008b2000,0x00007000009b2000)]

Stack: [0x00007000008b2000,0x00007000009b2000],  sp=0x00007000009afb30,  free space=1014k
Native frames: (J=compiled Java code, j=interpreted, Vv=VM code, C=native code)
V  [libjvm.dylib+0x57e1be]  VMError::report_and_die()+0x3f8
V  [libjvm.dylib+0x1e2707]  report_vm_error(char const*, int, char const*, char const*)+0x54
V  [libjvm.dylib+0x426279]  DataLayout::data_in()+0x35
V  [libjvm.dylib+0x16f8fd]  MethodData::parameters_type_data() const+0x23
V  [libjvm.dylib+0x16f2bb]  ciMethodData::load_data()+0x12d
V  [libjvm.dylib+0x16b4e0]  ciMethod::method_data()+0xae
V  [libjvm.dylib+0x472c56]  Parse::Parse(JVMState*, ciMethod*, float)+0x1d8
V  [libjvm.dylib+0x14f90a]  ParseGenerator::generate(JVMState*)+0x64
V  [libjvm.dylib+0x232c61]  Parse::do_call()+0x2cb
V  [libjvm.dylib+0x47affe]  Parse::do_one_bytecode()+0x4884
V  [libjvm.dylib+0x4710ef]  Parse::do_one_block()+0xc1
V  [libjvm.dylib+0x4713f3]  Parse::do_all_blocks()+0x271
V  [libjvm.dylib+0x472ffb]  Parse::Parse(JVMState*, ciMethod*, float)+0x57d
V  [libjvm.dylib+0x14f90a]  ParseGenerator::generate(JVMState*)+0x64
V  [libjvm.dylib+0x1ae828]  Compile::Compile(ciEnv*, C2Compiler*, ciMethod*, int, bool, bool, bool)+0x6be
V  [libjvm.dylib+0x14f20a]  C2Compiler::compile_method(ciEnv*, ciMethod*, int)+0xb2
V  [libjvm.dylib+0x1b19fe]  CompileBroker::invoke_compiler_on_method(CompileTask*)+0x5b2
V  [libjvm.dylib+0x1b3f45]  CompileBroker::compiler_thread_loop()+0x291
V  [libjvm.dylib+0x53912d]  JavaThread::thread_main_inner()+0x9b
V  [libjvm.dylib+0x53a7e4]  JavaThread::run()+0x1c0
V  [libjvm.dylib+0x45bf0a]  java_start(Thread*)+0xf6
C  [libsystem_pthread.dylib+0x399d]  _pthread_body+0x83
C  [libsystem_pthread.dylib+0x391a]  _pthread_body+0x0
C  [libsystem_pthread.dylib+0x1351]  thread_start+0xd
C  0x0000000000000000


Current CompileTask:
C2:  49969 7754       4       java.util.concurrent.locks.AbstractQueuedSynchronizer$ConditionObject::awaitNanos (156 bytes)


---------------  P R O C E S S  ---------------

Java Threads: ( => current thread )
  0x00007fae1b8a2800 JavaThread "Forward streams with process: command '/Users/vjivandro/Library/Android/sdk/build-tools/26.0.1/aapt' Thread 3" [_thread_in_native, id=25603, stack(0x0000700001d19000,0x0000700001e19000)]
  0x00007fae1aa6d800 JavaThread "Forward streams with process: command '/Users/vjivandro/Library/Android/sdk/build-tools/26.0.1/aapt' Thread 2" [_thread_in_native, id=25091, stack(0x0000700001c16000,0x0000700001d16000)]
  0x00007fae1b718800 JavaThread "Forward streams with process: command '/Users/vjivandro/Library/Android/sdk/build-tools/26.0.1/aapt'" [_thread_blocked, id=24579, stack(0x0000700001b13000,0x0000700001c13000)]
  0x00007fae1b447000 JavaThread "Run command '/Users/vjivandro/Library/Android/sdk/build-tools/26.0.1/aapt'" [_thread_blocked, id=23047, stack(0x000070000190d000,0x0000700001a0d000)]
  0x00007fae1b715800 JavaThread "Thread-17" [_thread_blocked, id=22539, stack(0x000070000180a000,0x000070000190a000)]
  0x00007fae1cad0800 JavaThread "Cache update executor" [_thread_blocked, id=12295, stack(0x0000700001707000,0x0000700001807000)]
  0x00007fae1b433000 JavaThread "Stdin handler" [_thread_blocked, id=20743, stack(0x00007000012d0000,0x00007000013d0000)]
  0x00007fae1b432800 JavaThread "Asynchronous log dispatcher for DefaultDaemonConnection: socket connection from /127.0.0.1:49154 to /127.0.0.1:49156" [_thread_blocked, id=20231, stack(0x00007000011cd000,0x00007000012cd000)]
  0x00007fae1bc2a800 JavaThread "Cancel handler" [_thread_blocked, id=19207, stack(0x0000700000fc7000,0x00007000010c7000)]
  0x00007fae1cfcc000 JavaThread "Handler for socket connection from /127.0.0.1:49154 to /127.0.0.1:49156" [_thread_in_native, id=18695, stack(0x0000700000ec4000,0x0000700000fc4000)]
  0x00007fae1b812800 JavaThread "pool-2-thread-1" [_thread_blocked, id=13063, stack(0x0000700001604000,0x0000700001704000)]
  0x00007fae1b7d8000 JavaThread "File lock request listener" [_thread_in_native, id=23303, stack(0x0000700001501000,0x0000700001601000)]
  0x00007fae1b40f800 JavaThread "pool-1-thread-1" [_thread_blocked, id=21255, stack(0x00007000013d3000,0x00007000014d3000)]
  0x00007fae1b457800 JavaThread "process reaper" daemon [_thread_in_native, id=21763, stack(0x00007000014d6000,0x00007000014fe000)]
  0x00007fae1b42a800 JavaThread "Daemon worker" [_thread_blocked, id=19715, stack(0x00007000010ca000,0x00007000011ca000)]
  0x00007fae1adce000 JavaThread "Daemon" [_thread_blocked, id=18179, stack(0x0000700000dc1000,0x0000700000ec1000)]
  0x00007fae1adb0800 JavaThread "Incoming local TCP Connector on port 49154" [_thread_in_native, id=17667, stack(0x0000700000cbe000,0x0000700000dbe000)]
  0x00007fae1a8d7800 JavaThread "Service Thread" daemon [_thread_blocked, id=16643, stack(0x0000700000ab8000,0x0000700000bb8000)]
  0x00007fae1a860800 JavaThread "C1 CompilerThread1" daemon [_thread_blocked, id=16131, stack(0x00007000009b5000,0x0000700000ab5000)]
=>0x00007fae1a86d000 JavaThread "C2 CompilerThread0" daemon [_thread_in_vm, id=15619, stack(0x00007000008b2000,0x00007000009b2000)]
  0x00007fae1a86c800 JavaThread "Signal Dispatcher" daemon [_thread_blocked, id=13583, stack(0x00007000007af000,0x00007000008af000)]
  0x00007fae1a85c800 JavaThread "Finalizer" daemon [_thread_blocked, id=11267, stack(0x0000700000629000,0x0000700000729000)]
  0x00007fae1a85a000 JavaThread "Reference Handler" daemon [_thread_blocked, id=10755, stack(0x0000700000526000,0x0000700000626000)]
  0x00007fae1a80a800 JavaThread "main" [_thread_blocked, id=4099, stack(0x0000700000084000,0x0000700000184000)]

Other Threads:
  0x00007fae1b018800 VMThread [stack: 0x0000700000423000,0x0000700000523000] [id=10243]
  0x00007fae1a8d8800 WatcherThread [stack: 0x0000700000bbb000,0x0000700000cbb000] [id=17155]

VM state:not at safepoint (normal execution)

VM Mutex/Monitor currently owned by a thread: None

Heap:
 PSYoungGen      total 159232K, used 58689K [0x00000007a0000000, 0x00000007abc80000, 0x00000007c0000000)
  eden space 138752K, 27% used [0x00000007a0000000,0x00000007a2557fd0,0x00000007a8780000)
  from space 20480K, 99% used [0x00000007aa000000,0x00000007ab3f87b8,0x00000007ab400000)
  to   space 25088K, 0% used [0x00000007a8780000,0x00000007a8780000,0x00000007aa000000)
 ParOldGen       total 96256K, used 33985K [0x0000000760000000, 0x0000000765e00000, 0x00000007a0000000)
  object space 96256K, 35% used [0x0000000760000000,0x00000007621304c8,0x0000000765e00000)
 Metaspace       used 56296K, capacity 58734K, committed 58880K, reserved 1099776K
  class space    used 7658K, capacity 8136K, committed 8192K, reserved 1048576K

Card table byte_map: [0x0000000112bd1000,0x0000000112ed2000] byte_map_base: 0x000000010f0d1000

Marking Bits: (ParMarkBitMap*) 0x000000010314bed0
 Begin Bits: [0x00000001130d2000, 0x00000001148d2000)
 End Bits:   [0x00000001148d2000, 0x00000001160d2000)

Polling page: 0x00000001033fc000

CodeCache: size=245760Kb used=20177Kb max_used=20273Kb free=225583Kb
 bounds [0x0000000103811000, 0x0000000104bf1000, 0x0000000112811000]
 total_blobs=7746 nmethods=6997 adapters=663
 compilation: enabled

Compilation events (10 events):
Event: 41.862 Thread 0x00007fae1a86d000 nmethod 7749 0x0000000103cb5bd0 code [0x0000000103cb5d20, 0x0000000103cb5e18]
Event: 42.224 Thread 0x00007fae1a86d000 7750       4       java.util.concurrent.LinkedBlockingDeque::unlinkFirst (74 bytes)
Event: 42.233 Thread 0x00007fae1a86d000 nmethod 7750 0x0000000103b5ad90 code [0x0000000103b5af20, 0x0000000103b5b3c8]
Event: 49.545 Thread 0x00007fae1a86d000 7751       4       java.util.concurrent.TimeUnit$3::toNanos (11 bytes)
Event: 49.546 Thread 0x00007fae1a86d000 nmethod 7751 0x0000000104be9d10 code [0x0000000104be9e60, 0x0000000104be9f38]
Event: 49.630 Thread 0x00007fae1a86d000 7752       4       java.util.concurrent.locks.AbstractQueuedSynchronizer$ConditionObject::addConditionWaiter (64 bytes)
Event: 49.634 Thread 0x00007fae1a86d000 nmethod 7752 0x000000010431f1d0 code [0x000000010431f320, 0x000000010431f558]
Event: 49.678 Thread 0x00007fae1a86d000 7753       4       java.util.concurrent.locks.AbstractQueuedSynchronizer::enq (58 bytes)
Event: 49.682 Thread 0x00007fae1a86d000 nmethod 7753 0x000000010431ed10 code [0x000000010431ee80, 0x000000010431f088]
Event: 49.859 Thread 0x00007fae1a86d000 7754       4       java.util.concurrent.locks.AbstractQueuedSynchronizer$ConditionObject::awaitNanos (156 bytes)

GC Heap History (10 events):
Event: 21.177 GC heap before
{Heap before GC invocations=12 (full 2):
 PSYoungGen      total 77312K, used 66560K [0x00000007a0000000, 0x00000007a6e00000, 0x00000007c0000000)
  eden space 66560K, 100% used [0x00000007a0000000,0x00000007a4100000,0x00000007a4100000)
  from space 10752K, 0% used [0x00000007a4100000,0x00000007a4100000,0x00000007a4b80000)
  to   space 11264K, 0% used [0x00000007a6300000,0x00000007a6300000,0x00000007a6e00000)
 ParOldGen       total 96256K, used 14724K [0x0000000760000000, 0x0000000765e00000, 0x00000007a0000000)
  object space 96256K, 15% used [0x0000000760000000,0x0000000760e612c0,0x0000000765e00000)
 Metaspace       used 37623K, capacity 38502K, committed 38912K, reserved 1083392K
  class space    used 5065K, capacity 5303K, committed 5376K, reserved 1048576K
Event: 21.198 GC heap after
Heap after GC invocations=12 (full 2):
 PSYoungGen      total 93184K, used 7060K [0x00000007a0000000, 0x00000007a6a00000, 0x00000007c0000000)
  eden space 86016K, 0% used [0x00000007a0000000,0x00000007a0000000,0x00000007a5400000)
  from space 7168K, 98% used [0x00000007a6300000,0x00000007a69e53e8,0x00000007a6a00000)
  to   space 10752K, 0% used [0x00000007a5500000,0x00000007a5500000,0x00000007a5f80000)
 ParOldGen       total 96256K, used 14732K [0x0000000760000000, 0x0000000765e00000, 0x00000007a0000000)
  object space 96256K, 15% used [0x0000000760000000,0x0000000760e632c0,0x0000000765e00000)
 Metaspace       used 37623K, capacity 38502K, committed 38912K, reserved 1083392K
  class space    used 5065K, capacity 5303K, committed 5376K, reserved 1048576K
}
Event: 23.235 GC heap before
{Heap before GC invocations=13 (full 2):
 PSYoungGen      total 93184K, used 93076K [0x00000007a0000000, 0x00000007a6a00000, 0x00000007c0000000)
  eden space 86016K, 100% used [0x00000007a0000000,0x00000007a5400000,0x00000007a5400000)
  from space 7168K, 98% used [0x00000007a6300000,0x00000007a69e53e8,0x00000007a6a00000)
  to   space 10752K, 0% used [0x00000007a5500000,0x00000007a5500000,0x00000007a5f80000)
 ParOldGen       total 96256K, used 14732K [0x0000000760000000, 0x0000000765e00000, 0x00000007a0000000)
  object space 96256K, 15% used [0x0000000760000000,0x0000000760e632c0,0x0000000765e00000)
 Metaspace       used 42814K, capacity 43862K, committed 44032K, reserved 1087488K
  class space    used 5771K, capacity 6033K, committed 6144K, reserved 1048576K
Event: 23.269 GC heap after
Heap after GC invocations=13 (full 2):
 PSYoungGen      total 97792K, used 10748K [0x00000007a0000000, 0x00000007a8380000, 0x00000007c0000000)
  eden space 87040K, 0% used [0x00000007a0000000,0x00000007a0000000,0x00000007a5500000)
  from space 10752K, 99% used [0x00000007a5500000,0x00000007a5f7f160,0x00000007a5f80000)
  to   space 11776K, 0% used [0x00000007a7800000,0x00000007a7800000,0x00000007a8380000)
 ParOldGen       total 96256K, used 14893K [0x0000000760000000, 0x0000000765e00000, 0x00000007a0000000)
  object space 96256K, 15% used [0x0000000760000000,0x0000000760e8b4e8,0x0000000765e00000)
 Metaspace       used 42814K, capacity 43862K, committed 44032K, reserved 1087488K
  class space    used 5771K, capacity 6033K, committed 6144K, reserved 1048576K
}
Event: 27.458 GC heap before
{Heap before GC invocations=14 (full 2):
 PSYoungGen      total 97792K, used 97788K [0x00000007a0000000, 0x00000007a8380000, 0x00000007c0000000)
  eden space 87040K, 100% used [0x00000007a0000000,0x00000007a5500000,0x00000007a5500000)
  from space 10752K, 99% used [0x00000007a5500000,0x00000007a5f7f160,0x00000007a5f80000)
  to   space 11776K, 0% used [0x00000007a7800000,0x00000007a7800000,0x00000007a8380000)
 ParOldGen       total 96256K, used 14893K [0x0000000760000000, 0x0000000765e00000, 0x00000007a0000000)
  object space 96256K, 15% used [0x0000000760000000,0x0000000760e8b4e8,0x0000000765e00000)
 Metaspace       used 47620K, capacity 49250K, committed 49408K, reserved 1091584K
  class space    used 6475K, capacity 6825K, committed 6912K, reserved 1048576K
Event: 27.537 GC heap after
Heap after GC invocations=14 (full 2):
 PSYoungGen      total 119296K, used 11759K [0x00000007a0000000, 0x00000007a8c00000, 0x00000007c0000000)
  eden space 107520K, 0% used [0x00000007a0000000,0x00000007a0000000,0x00000007a6900000)
  from space 11776K, 99% used [0x00000007a7800000,0x00000007a837bff0,0x00000007a8380000)
  to   space 15360K, 0% used [0x00000007a6900000,0x00000007a6900000,0x00000007a7800000)
 ParOldGen       total 96256K, used 20304K [0x0000000760000000, 0x0000000765e00000, 0x00000007a0000000)
  object space 96256K, 21% used [0x0000000760000000,0x00000007613d43b8,0x0000000765e00000)
 Metaspace       used 47620K, capacity 49250K, committed 49408K, reserved 1091584K
  class space    used 6475K, capacity 6825K, committed 6912K, reserved 1048576K
}
Event: 29.942 GC heap before
{Heap before GC invocations=15 (full 2):
 PSYoungGen      total 119296K, used 119279K [0x00000007a0000000, 0x00000007a8c00000, 0x00000007c0000000)
  eden space 107520K, 100% used [0x00000007a0000000,0x00000007a6900000,0x00000007a6900000)
  from space 11776K, 99% used [0x00000007a7800000,0x00000007a837bff0,0x00000007a8380000)
  to   space 15360K, 0% used [0x00000007a6900000,0x00000007a6900000,0x00000007a7800000)
 ParOldGen       total 96256K, used 20304K [0x0000000760000000, 0x0000000765e00000, 0x00000007a0000000)
  object space 96256K, 21% used [0x0000000760000000,0x00000007613d43b8,0x0000000765e00000)
 Metaspace       used 50408K, capacity 52252K, committed 52480K, reserved 1093632K
  class space    used 6973K, capacity 7365K, committed 7424K, reserved 1048576K
Event: 30.040 GC heap after
Heap after GC invocations=15 (full 2):
 PSYoungGen      total 122880K, used 15328K [0x00000007a0000000, 0x00000007ab400000, 0x00000007c0000000)
  eden space 107520K, 0% used [0x00000007a0000000,0x00000007a0000000,0x00000007a6900000)
  from space 15360K, 99% used [0x00000007a6900000,0x00000007a77f81e8,0x00000007a7800000)
  to   space 20480K, 0% used [0x00000007aa000000,0x00000007aa000000,0x00000007ab400000)
 ParOldGen       total 96256K, used 29740K [0x0000000760000000, 0x0000000765e00000, 0x00000007a0000000)
  object space 96256K, 30% used [0x0000000760000000,0x0000000761d0b0d8,0x0000000765e00000)
 Metaspace       used 50408K, capacity 52252K, committed 52480K, reserved 1093632K
  class space    used 6973K, capacity 7365K, committed 7424K, reserved 1048576K
}
Event: 36.863 GC heap before
{Heap before GC invocations=16 (full 2):
 PSYoungGen      total 122880K, used 122848K [0x00000007a0000000, 0x00000007ab400000, 0x00000007c0000000)
  eden space 107520K, 100% used [0x00000007a0000000,0x00000007a6900000,0x00000007a6900000)
  from space 15360K, 99% used [0x00000007a6900000,0x00000007a77f81e8,0x00000007a7800000)
  to   space 20480K, 0% used [0x00000007aa000000,0x00000007aa000000,0x00000007ab400000)
 ParOldGen       total 96256K, used 29740K [0x0000000760000000, 0x0000000765e00000, 0x00000007a0000000)
  object space 96256K, 30% used [0x0000000760000000,0x0000000761d0b0d8,0x0000000765e00000)
 Metaspace       used 54176K, capacity 56490K, committed 56832K, reserved 1097728K
  class space    used 7367K, capacity 7814K, committed 7936K, reserved 1048576K
Event: 37.011 GC heap after
Heap after GC invocations=16 (full 2):
 PSYoungGen      total 159232K, used 20449K [0x00000007a0000000, 0x00000007abc80000, 0x00000007c0000000)
  eden space 138752K, 0% used [0x00000007a0000000,0x00000007a0000000,0x00000007a8780000)
  from space 20480K, 99% used [0x00000007aa000000,0x00000007ab3f87b8,0x00000007ab400000)
  to   space 25088K, 0% used [0x00000007a8780000,0x00000007a8780000,0x00000007aa000000)
 ParOldGen       total 96256K, used 33985K [0x0000000760000000, 0x0000000765e00000, 0x00000007a0000000)
  object space 96256K, 35% used [0x0000000760000000,0x00000007621304c8,0x0000000765e00000)
 Metaspace       used 54176K, capacity 56490K, committed 56832K, reserved 1097728K
  class space    used 7367K, capacity 7814K, committed 7936K, reserved 1048576K
}

Deoptimization events (10 events):
Event: 38.856 Thread 0x00007fae1b42a800 Uncommon trap: reason=unstable_if action=reinterpret pc=0x00000001039638b8 method=com.sun.org.apache.xerces.internal.dom.DeferredDocumentImpl.getNodeObject(I)Lcom/sun/org/apache/xerces/internal/dom/DeferredNode; @ 252
Event: 38.865 Thread 0x00007fae1b42a800 Uncommon trap: reason=bimorphic action=maybe_recompile pc=0x00000001039f666c method=com.sun.org.apache.xerces.internal.dom.NamedNodeMapImpl.findNamePoint(Ljava/lang/String;I)I @ 57
Event: 38.867 Thread 0x00007fae1b42a800 Uncommon trap: reason=bimorphic action=maybe_recompile pc=0x00000001039f666c method=com.sun.org.apache.xerces.internal.dom.NamedNodeMapImpl.findNamePoint(Ljava/lang/String;I)I @ 57
Event: 38.867 Thread 0x00007fae1b42a800 Uncommon trap: reason=bimorphic action=maybe_recompile pc=0x00000001039f666c method=com.sun.org.apache.xerces.internal.dom.NamedNodeMapImpl.findNamePoint(Ljava/lang/String;I)I @ 57
Event: 38.867 Thread 0x00007fae1b42a800 Uncommon trap: reason=bimorphic action=maybe_recompile pc=0x00000001039f666c method=com.sun.org.apache.xerces.internal.dom.NamedNodeMapImpl.findNamePoint(Ljava/lang/String;I)I @ 57
Event: 38.902 Thread 0x00007fae1b42a800 Uncommon trap: reason=unstable_if action=reinterpret pc=0x000000010412384c method=com.sun.org.apache.xerces.internal.dom.DeferredDocumentImpl.getPrevSibling(IZ)I @ 2
Event: 39.752 Thread 0x00007fae1b42a800 Uncommon trap: reason=unstable_if action=reinterpret pc=0x0000000104b3cec4 method=java.util.concurrent.ConcurrentLinkedQueue.poll()Ljava/lang/Object; @ 61
Event: 39.821 Thread 0x00007fae1b42a800 Uncommon trap: reason=unstable_if action=reinterpret pc=0x0000000104b2975c method=org.gradle.api.internal.file.pattern.FixedStepsPathMatcher.matches([Ljava/lang/String;I)Z @ 70
Event: 39.841 Thread 0x00007fae1b42a800 Uncommon trap: reason=unstable_if action=reinterpret pc=0x0000000104b31b88 method=org.gradle.api.internal.file.pattern.FixedStepsPathMatcher.matches([Ljava/lang/String;I)Z @ 70
Event: 39.843 Thread 0x00007fae1b42a800 Uncommon trap: reason=unstable_if action=reinterpret pc=0x0000000104b2a510 method=org.gradle.api.internal.file.pattern.FixedStepsPathMatcher.matches([Ljava/lang/String;I)Z @ 70

Internal exceptions (10 events):
Event: 34.951 Thread 0x00007fae1b42a800 Exception <a 'sun/nio/fs/UnixException'> (0x00000007a5041088) thrown at [/Volumes/Android_AOSP/AOSP-openjdk/external/jetbrains/jdk/hotspot/src/share/vm/prims/jni.cpp, line 709]
Event: 34.951 Thread 0x00007fae1b42a800 Exception <a 'sun/nio/fs/UnixException'> (0x00000007a5042578) thrown at [/Volumes/Android_AOSP/AOSP-openjdk/external/jetbrains/jdk/hotspot/src/share/vm/prims/jni.cpp, line 709]
Event: 34.951 Thread 0x00007fae1b42a800 Exception <a 'sun/nio/fs/UnixException'> (0x00000007a5045190) thrown at [/Volumes/Android_AOSP/AOSP-openjdk/external/jetbrains/jdk/hotspot/src/share/vm/prims/jni.cpp, line 709]
Event: 34.952 Thread 0x00007fae1b42a800 Exception <a 'sun/nio/fs/UnixException'> (0x00000007a5046698) thrown at [/Volumes/Android_AOSP/AOSP-openjdk/external/jetbrains/jdk/hotspot/src/share/vm/prims/jni.cpp, line 709]
Event: 37.015 Thread 0x00007fae1b42a800 Exception <a 'java/lang/NoSuchMethodError': <clinit>> (0x00000007a00847c8) thrown at [/Volumes/Android_AOSP/AOSP-openjdk/external/jetbrains/jdk/hotspot/src/share/vm/prims/jni.cpp, line 1613]
Event: 37.035 Thread 0x00007fae1b42a800 Exception <a 'java/lang/NoSuchMethodError': <clinit>> (0x00000007a0092030) thrown at [/Volumes/Android_AOSP/AOSP-openjdk/external/jetbrains/jdk/hotspot/src/share/vm/prims/jni.cpp, line 1613]
Event: 37.096 Thread 0x00007fae1b42a800 Exception <a 'java/lang/NoSuchMethodError': <clinit>> (0x00000007a0109d00) thrown at [/Volumes/Android_AOSP/AOSP-openjdk/external/jetbrains/jdk/hotspot/src/share/vm/prims/jni.cpp, line 1613]
Event: 37.098 Thread 0x00007fae1b42a800 Exception <a 'java/lang/NoSuchMethodError': <clinit>> (0x00000007a0122a58) thrown at [/Volumes/Android_AOSP/AOSP-openjdk/external/jetbrains/jdk/hotspot/src/share/vm/prims/jni.cpp, line 1613]
Event: 37.098 Thread 0x00007fae1b42a800 Exception <a 'java/lang/NoSuchMethodError': <clinit>> (0x00000007a01246d8) thrown at [/Volumes/Android_AOSP/AOSP-openjdk/external/jetbrains/jdk/hotspot/src/share/vm/prims/jni.cpp, line 1613]
Event: 40.437 Thread 0x00007fae1b42a800 Exception <a 'java/lang/NoSuchMethodError': java.lang.Object.lambda$negate$1(Ljava/lang/Object;)Z> (0x00000007a21ea918) thrown at [/Volumes/Android_AOSP/AOSP-openjdk/external/jetbrains/jdk/hotspot/src/share/vm/interpreter/linkResolver.cpp, line 582]

Events (10 events):
Event: 40.478 Thread 0x00007fae1a86d000 flushing nmethod 0x0000000103cb5bd0
Event: 40.482 Thread 0x00007fae1b718000 Thread added: 0x00007fae1b718000
Event: 40.482 Executing VM operation: RevokeBias
Event: 40.482 Thread 0x00007fae1b718800 Thread added: 0x00007fae1b718800
Event: 40.483 Thread 0x00007fae1aa6d800 Thread added: 0x00007fae1aa6d800
Event: 40.483 Thread 0x00007fae1b8a2800 Thread added: 0x00007fae1b8a2800
Event: 40.485 Executing VM operation: RevokeBias done
Event: 40.485 Thread 0x00007fae1b718000 Thread exited: 0x00007fae1b718000
Event: 42.234 Thread 0x00007fae1a86d000 flushing nmethod 0x0000000104280c10
Event: 49.546 Thread 0x00007fae1a86d000 flushing nmethod 0x000000010431ec10


Dynamic libraries:
0x0000000005222000 	/System/Library/Frameworks/Cocoa.framework/Versions/A/Cocoa
0x0000000005222000 	/System/Library/Frameworks/Security.framework/Versions/A/Security
0x0000000005222000 	/System/Library/Frameworks/ApplicationServices.framework/Versions/A/ApplicationServices
0x0000000005222000 	/usr/lib/libz.1.dylib
0x0000000005222000 	/usr/lib/libSystem.B.dylib
0x0000000005222000 	/usr/lib/libobjc.A.dylib
0x0000000005222000 	/System/Library/Frameworks/Foundation.framework/Versions/C/Foundation
0x0000000005222000 	/System/Library/Frameworks/CoreFoundation.framework/Versions/A/CoreFoundation
0x0000000005222000 	/System/Library/Frameworks/AppKit.framework/Versions/C/AppKit
0x0000000005222000 	/System/Library/Frameworks/CoreData.framework/Versions/A/CoreData
0x0000000005222000 	/System/Library/PrivateFrameworks/RemoteViewServices.framework/Versions/A/RemoteViewServices
0x0000000005222000 	/System/Library/PrivateFrameworks/UIFoundation.framework/Versions/A/UIFoundation
0x0000000005222000 	/usr/lib/libScreenReader.dylib
0x0000000005222000 	/System/Library/Frameworks/Accelerate.framework/Versions/A/Accelerate
0x0000000005222000 	/System/Library/Frameworks/IOSurface.framework/Versions/A/IOSurface
0x0000000005222000 	/System/Library/Frameworks/AudioToolbox.framework/Versions/A/AudioToolbox
0x0000000005222000 	/System/Library/Frameworks/AudioUnit.framework/Versions/A/AudioUnit
0x0000000005222000 	/System/Library/PrivateFrameworks/DataDetectorsCore.framework/Versions/A/DataDetectorsCore
0x0000000005222000 	/System/Library/PrivateFrameworks/DesktopServicesPriv.framework/Versions/A/DesktopServicesPriv
0x0000000005222000 	/System/Library/Frameworks/Carbon.framework/Versions/A/Frameworks/HIToolbox.framework/Versions/A/HIToolbox
0x0000000005222000 	/System/Library/Frameworks/QuartzCore.framework/Versions/A/QuartzCore
0x0000000005222000 	/System/Library/Frameworks/Carbon.framework/Versions/A/Frameworks/SpeechRecognition.framework/Versions/A/SpeechRecognition
0x0000000005222000 	/usr/lib/libauto.dylib
0x0000000005222000 	/usr/lib/libicucore.A.dylib
0x0000000005222000 	/usr/lib/libxml2.2.dylib
0x0000000005222000 	/System/Library/PrivateFrameworks/CoreUI.framework/Versions/A/CoreUI
0x0000000005222000 	/System/Library/Frameworks/CoreAudio.framework/Versions/A/CoreAudio
0x0000000005222000 	/System/Library/Frameworks/DiskArbitration.framework/Versions/A/DiskArbitration
0x0000000005222000 	/usr/lib/liblangid.dylib
0x0000000005222000 	/System/Library/PrivateFrameworks/MultitouchSupport.framework/Versions/A/MultitouchSupport
0x0000000005222000 	/System/Library/Frameworks/IOKit.framework/Versions/A/IOKit
0x0000000005222000 	/usr/lib/libDiagnosticMessagesClient.dylib
0x0000000005222000 	/System/Library/Frameworks/CoreServices.framework/Versions/A/CoreServices
0x0000000005222000 	/System/Library/PrivateFrameworks/PerformanceAnalysis.framework/Versions/A/PerformanceAnalysis
0x0000000005222000 	/System/Library/PrivateFrameworks/GenerationalStorage.framework/Versions/A/GenerationalStorage
0x0000000005222000 	/System/Library/Frameworks/OpenGL.framework/Versions/A/OpenGL
0x0000000005222000 	/System/Library/PrivateFrameworks/Sharing.framework/Versions/A/Sharing
0x0000000005222000 	/System/Library/Frameworks/CoreGraphics.framework/Versions/A/CoreGraphics
0x0000000005222000 	/System/Library/Frameworks/CoreImage.framework/Versions/A/CoreImage
0x0000000005222000 	/System/Library/Frameworks/CoreText.framework/Versions/A/CoreText
0x0000000005222000 	/System/Library/Frameworks/ImageIO.framework/Versions/A/ImageIO
0x0000000005222000 	/System/Library/PrivateFrameworks/Backup.framework/Versions/A/Backup
0x0000000005222000 	/usr/lib/libextension.dylib
0x0000000005222000 	/usr/lib/libarchive.2.dylib
0x0000000005222000 	/System/Library/Frameworks/CFNetwork.framework/Versions/A/CFNetwork
0x0000000005222000 	/System/Library/Frameworks/SystemConfiguration.framework/Versions/A/SystemConfiguration
0x0000000005222000 	/usr/lib/libCRFSuite.dylib
0x0000000005222000 	/usr/lib/libc++.1.dylib
0x0000000005222000 	/usr/lib/libc++abi.dylib
0x0000000005222000 	/usr/lib/system/libcache.dylib
0x0000000005222000 	/usr/lib/system/libcommonCrypto.dylib
0x0000000005222000 	/usr/lib/system/libcompiler_rt.dylib
0x0000000005222000 	/usr/lib/system/libcopyfile.dylib
0x0000000005222000 	/usr/lib/system/libcorecrypto.dylib
0x0000000005222000 	/usr/lib/system/libdispatch.dylib
0x0000000005222000 	/usr/lib/system/libdyld.dylib
0x0000000005222000 	/usr/lib/system/libkeymgr.dylib
0x0000000005222000 	/usr/lib/system/liblaunch.dylib
0x0000000005222000 	/usr/lib/system/libmacho.dylib
0x0000000005222000 	/usr/lib/system/libquarantine.dylib
0x0000000005222000 	/usr/lib/system/libremovefile.dylib
0x0000000005222000 	/usr/lib/system/libsystem_asl.dylib
0x0000000005222000 	/usr/lib/system/libsystem_blocks.dylib
0x0000000005222000 	/usr/lib/system/libsystem_c.dylib
0x0000000005222000 	/usr/lib/system/libsystem_configuration.dylib
0x0000000005222000 	/usr/lib/system/libsystem_coreservices.dylib
0x0000000005222000 	/usr/lib/system/libsystem_coretls.dylib
0x0000000005222000 	/usr/lib/system/libsystem_dnssd.dylib
0x0000000005222000 	/usr/lib/system/libsystem_info.dylib
0x0000000005222000 	/usr/lib/system/libsystem_kernel.dylib
0x0000000005222000 	/usr/lib/system/libsystem_m.dylib
0x0000000005222000 	/usr/lib/system/libsystem_malloc.dylib
0x0000000005222000 	/usr/lib/system/libsystem_network.dylib
0x0000000005222000 	/usr/lib/system/libsystem_networkextension.dylib
0x0000000005222000 	/usr/lib/system/libsystem_notify.dylib
0x0000000005222000 	/usr/lib/system/libsystem_platform.dylib
0x0000000005222000 	/usr/lib/system/libsystem_pthread.dylib
0x0000000005222000 	/usr/lib/system/libsystem_sandbox.dylib
0x0000000005222000 	/usr/lib/system/libsystem_secinit.dylib
0x0000000005222000 	/usr/lib/system/libsystem_trace.dylib
0x0000000005222000 	/usr/lib/system/libunc.dylib
0x0000000005222000 	/usr/lib/system/libunwind.dylib
0x0000000005222000 	/usr/lib/system/libxpc.dylib
0x0000000005222000 	/usr/lib/libenergytrace.dylib
0x0000000005222000 	/usr/lib/libbsm.0.dylib
0x0000000005222000 	/usr/lib/system/libkxld.dylib
0x0000000005222000 	/usr/lib/libxar.1.dylib
0x0000000005222000 	/usr/lib/libsqlite3.dylib
0x0000000005222000 	/usr/lib/libpam.2.dylib
0x0000000005222000 	/usr/lib/libOpenScriptingUtil.dylib
0x0000000005222000 	/usr/lib/libbz2.1.0.dylib
0x0000000005222000 	/usr/lib/liblzma.5.dylib
0x0000000005222000 	/System/Library/Frameworks/CoreServices.framework/Versions/A/Frameworks/FSEvents.framework/Versions/A/FSEvents
0x0000000005222000 	/System/Library/Frameworks/CoreServices.framework/Versions/A/Frameworks/CarbonCore.framework/Versions/A/CarbonCore
0x0000000005222000 	/System/Library/Frameworks/CoreServices.framework/Versions/A/Frameworks/Metadata.framework/Versions/A/Metadata
0x0000000005222000 	/System/Library/Frameworks/CoreServices.framework/Versions/A/Frameworks/OSServices.framework/Versions/A/OSServices
0x0000000005222000 	/System/Library/Frameworks/CoreServices.framework/Versions/A/Frameworks/SearchKit.framework/Versions/A/SearchKit
0x0000000005222000 	/System/Library/Frameworks/CoreServices.framework/Versions/A/Frameworks/AE.framework/Versions/A/AE
0x0000000005222000 	/System/Library/Frameworks/CoreServices.framework/Versions/A/Frameworks/LaunchServices.framework/Versions/A/LaunchServices
0x0000000005222000 	/System/Library/Frameworks/CoreServices.framework/Versions/A/Frameworks/DictionaryServices.framework/Versions/A/DictionaryServices
0x0000000005222000 	/System/Library/Frameworks/CoreServices.framework/Versions/A/Frameworks/SharedFileList.framework/Versions/A/SharedFileList
0x0000000005222000 	/System/Library/Frameworks/NetFS.framework/Versions/A/NetFS
0x0000000005222000 	/System/Library/PrivateFrameworks/NetAuth.framework/Versions/A/NetAuth
0x0000000005222000 	/System/Library/PrivateFrameworks/login.framework/Versions/A/Frameworks/loginsupport.framework/Versions/A/loginsupport
0x0000000005222000 	/System/Library/PrivateFrameworks/TCC.framework/Versions/A/TCC
0x0000000005222000 	/usr/lib/libmecabra.dylib
0x0000000005222000 	/System/Library/Frameworks/ApplicationServices.framework/Versions/A/Frameworks/ATS.framework/Versions/A/ATS
0x0000000005222000 	/System/Library/Frameworks/ApplicationServices.framework/Versions/A/Frameworks/ColorSync.framework/Versions/A/ColorSync
0x0000000005222000 	/System/Library/Frameworks/ApplicationServices.framework/Versions/A/Frameworks/HIServices.framework/Versions/A/HIServices
0x0000000005222000 	/System/Library/Frameworks/ApplicationServices.framework/Versions/A/Frameworks/LangAnalysis.framework/Versions/A/LangAnalysis
0x0000000005222000 	/System/Library/Frameworks/ApplicationServices.framework/Versions/A/Frameworks/PrintCore.framework/Versions/A/PrintCore
0x0000000005222000 	/System/Library/Frameworks/ApplicationServices.framework/Versions/A/Frameworks/QD.framework/Versions/A/QD
0x0000000005222000 	/System/Library/Frameworks/ApplicationServices.framework/Versions/A/Frameworks/SpeechSynthesis.framework/Versions/A/SpeechSynthesis
0x0000000005222000 	/System/Library/Frameworks/Metal.framework/Versions/A/Metal
0x0000000005222000 	/System/Library/Frameworks/Accelerate.framework/Versions/A/Frameworks/vImage.framework/Versions/A/vImage
0x0000000005222000 	/System/Library/Frameworks/Accelerate.framework/Versions/A/Frameworks/vecLib.framework/Versions/A/vecLib
0x0000000005222000 	/System/Library/Frameworks/Accelerate.framework/Versions/A/Frameworks/vecLib.framework/Versions/A/libvDSP.dylib
0x0000000005222000 	/System/Library/Frameworks/Accelerate.framework/Versions/A/Frameworks/vecLib.framework/Versions/A/libvMisc.dylib
0x0000000005222000 	/System/Library/Frameworks/Accelerate.framework/Versions/A/Frameworks/vecLib.framework/Versions/A/libLAPACK.dylib
0x0000000005222000 	/System/Library/Frameworks/Accelerate.framework/Versions/A/Frameworks/vecLib.framework/Versions/A/libBLAS.dylib
0x0000000005222000 	/System/Library/Frameworks/Accelerate.framework/Versions/A/Frameworks/vecLib.framework/Versions/A/libLinearAlgebra.dylib
0x0000000005222000 	/System/Library/Frameworks/Accelerate.framework/Versions/A/Frameworks/vecLib.framework/Versions/A/libSparseBLAS.dylib
0x0000000005222000 	/System/Library/PrivateFrameworks/GPUCompiler.framework/libmetal_timestamp.dylib
0x0000000005222000 	/System/Library/Frameworks/OpenGL.framework/Versions/A/Libraries/libCoreFSCache.dylib
0x0000000005222000 	/System/Library/PrivateFrameworks/IOAccelerator.framework/Versions/A/IOAccelerator
0x0000000005222000 	/System/Library/Frameworks/ApplicationServices.framework/Versions/A/Frameworks/ATS.framework/Versions/A/Resources/libFontParser.dylib
0x0000000005222000 	/System/Library/Frameworks/ApplicationServices.framework/Versions/A/Frameworks/ATS.framework/Versions/A/Resources/libFontRegistry.dylib
0x0000000005222000 	/System/Library/PrivateFrameworks/AppleVPA.framework/Versions/A/AppleVPA
0x0000000005222000 	/System/Library/PrivateFrameworks/AppleJPEG.framework/Versions/A/AppleJPEG
0x0000000005222000 	/System/Library/Frameworks/ImageIO.framework/Versions/A/Resources/libJPEG.dylib
0x0000000005222000 	/System/Library/Frameworks/ImageIO.framework/Versions/A/Resources/libTIFF.dylib
0x0000000005222000 	/System/Library/Frameworks/ImageIO.framework/Versions/A/Resources/libPng.dylib
0x0000000005222000 	/System/Library/Frameworks/ImageIO.framework/Versions/A/Resources/libGIF.dylib
0x0000000005222000 	/System/Library/Frameworks/ImageIO.framework/Versions/A/Resources/libJP2.dylib
0x0000000005222000 	/System/Library/Frameworks/ImageIO.framework/Versions/A/Resources/libRadiance.dylib
0x0000000005222000 	/System/Library/Frameworks/CoreVideo.framework/Versions/A/CoreVideo
0x0000000005222000 	/System/Library/Frameworks/OpenGL.framework/Versions/A/Libraries/libGLU.dylib
0x0000000005222000 	/System/Library/Frameworks/OpenGL.framework/Versions/A/Libraries/libGFXShared.dylib
0x0000000005222000 	/System/Library/Frameworks/OpenGL.framework/Versions/A/Libraries/libGL.dylib
0x0000000005222000 	/System/Library/Frameworks/OpenGL.framework/Versions/A/Libraries/libGLImage.dylib
0x0000000005222000 	/System/Library/Frameworks/OpenGL.framework/Versions/A/Libraries/libCVMSPluginSupport.dylib
0x0000000005222000 	/System/Library/Frameworks/OpenGL.framework/Versions/A/Libraries/libCoreVMClient.dylib
0x0000000005222000 	/usr/lib/libcompression.dylib
0x0000000005222000 	/usr/lib/libcups.2.dylib
0x0000000005222000 	/System/Library/Frameworks/Kerberos.framework/Versions/A/Kerberos
0x0000000005222000 	/System/Library/Frameworks/GSS.framework/Versions/A/GSS
0x0000000005222000 	/usr/lib/libresolv.9.dylib
0x0000000005222000 	/usr/lib/libiconv.2.dylib
0x0000000005222000 	/System/Library/PrivateFrameworks/Heimdal.framework/Versions/A/Heimdal
0x0000000005222000 	/usr/lib/libheimdal-asn1.dylib
0x0000000005222000 	/System/Library/Frameworks/OpenDirectory.framework/Versions/A/OpenDirectory
0x0000000005222000 	/System/Library/PrivateFrameworks/CommonAuth.framework/Versions/A/CommonAuth
0x0000000005222000 	/System/Library/Frameworks/OpenDirectory.framework/Versions/A/Frameworks/CFOpenDirectory.framework/Versions/A/CFOpenDirectory
0x0000000005222000 	/System/Library/Frameworks/SecurityFoundation.framework/Versions/A/SecurityFoundation
0x0000000005222000 	/System/Library/PrivateFrameworks/LanguageModeling.framework/Versions/A/LanguageModeling
0x0000000005222000 	/usr/lib/libmarisa.dylib
0x0000000005222000 	/usr/lib/libChineseTokenizer.dylib
0x0000000005222000 	/usr/lib/libcmph.dylib
0x0000000005222000 	/System/Library/Frameworks/ServiceManagement.framework/Versions/A/ServiceManagement
0x0000000005222000 	/usr/lib/libxslt.1.dylib
0x0000000005222000 	/System/Library/Frameworks/Carbon.framework/Versions/A/Frameworks/Ink.framework/Versions/A/Ink
0x0000000005222000 	/usr/lib/libFosl_dynamic.dylib
0x0000000005222000 	/System/Library/PrivateFrameworks/FaceCore.framework/Versions/A/FaceCore
0x0000000005222000 	/System/Library/Frameworks/OpenCL.framework/Versions/A/OpenCL
0x0000000005222000 	/System/Library/PrivateFrameworks/CrashReporterSupport.framework/Versions/A/CrashReporterSupport
0x0000000005222000 	/System/Library/PrivateFrameworks/IconServices.framework/Versions/A/IconServices
0x0000000005222000 	/System/Library/PrivateFrameworks/Apple80211.framework/Versions/A/Apple80211
0x0000000005222000 	/System/Library/Frameworks/CoreWLAN.framework/Versions/A/CoreWLAN
0x0000000005222000 	/System/Library/Frameworks/IOBluetooth.framework/Versions/A/IOBluetooth
0x0000000005222000 	/System/Library/PrivateFrameworks/CoreWiFi.framework/Versions/A/CoreWiFi
0x0000000005222000 	/System/Library/Frameworks/CoreBluetooth.framework/Versions/A/CoreBluetooth
0x0000000005222000 	/System/Library/PrivateFrameworks/ChunkingLibrary.framework/Versions/A/ChunkingLibrary
0x0000000005222000 	/System/Library/PrivateFrameworks/DebugSymbols.framework/Versions/A/DebugSymbols
0x0000000005222000 	/System/Library/PrivateFrameworks/CoreSymbolication.framework/Versions/A/CoreSymbolication
0x0000000005222000 	/System/Library/PrivateFrameworks/Symbolication.framework/Versions/A/Symbolication
0x0000000005222000 	/System/Library/PrivateFrameworks/SpeechRecognitionCore.framework/Versions/A/SpeechRecognitionCore
0x00000001028c0000 	/Applications/Android Studio.app/Contents/jre/jdk/Contents/Home/jre/lib/server/libjvm.dylib
0x0000000005222000 	/usr/lib/libstdc++.6.dylib
0x00000001033b6000 	/Applications/Android Studio.app/Contents/jre/jdk/Contents/Home/jre/lib/libverify.dylib
0x00000001033c3000 	/Applications/Android Studio.app/Contents/jre/jdk/Contents/Home/jre/lib/libjava.dylib
0x0000000103808000 	/Applications/Android Studio.app/Contents/jre/jdk/Contents/Home/jre/lib/libzip.dylib
0x0000000117874000 	/System/Library/Frameworks/JavaVM.framework/Frameworks/JavaRuntimeSupport.framework/JavaRuntimeSupport
0x000000011788f000 	/System/Library/Frameworks/JavaVM.framework/Versions/A/Frameworks/JavaNativeFoundation.framework/Versions/A/JavaNativeFoundation
0x00000001178a4000 	/System/Library/Frameworks/JavaVM.framework/Versions/A/JavaVM
0x0000000005222000 	/System/Library/Frameworks/Carbon.framework/Versions/A/Carbon
0x00000001178b1000 	/System/Library/PrivateFrameworks/JavaLaunching.framework/Versions/A/JavaLaunching
0x0000000005222000 	/System/Library/Frameworks/Carbon.framework/Versions/A/Frameworks/CommonPanels.framework/Versions/A/CommonPanels
0x0000000005222000 	/System/Library/Frameworks/Carbon.framework/Versions/A/Frameworks/Help.framework/Versions/A/Help
0x0000000005222000 	/System/Library/Frameworks/Carbon.framework/Versions/A/Frameworks/ImageCapture.framework/Versions/A/ImageCapture
0x0000000005222000 	/System/Library/Frameworks/Carbon.framework/Versions/A/Frameworks/OpenScripting.framework/Versions/A/OpenScripting
0x0000000005222000 	/System/Library/Frameworks/Carbon.framework/Versions/A/Frameworks/Print.framework/Versions/A/Print
0x0000000005222000 	/System/Library/Frameworks/Carbon.framework/Versions/A/Frameworks/SecurityHI.framework/Versions/A/SecurityHI
0x0000000119764000 	/Applications/Android Studio.app/Contents/jre/jdk/Contents/Home/jre/lib/libnet.dylib
0x000000011977b000 	/Applications/Android Studio.app/Contents/jre/jdk/Contents/Home/jre/lib/libnio.dylib
0x000000011978b000 	/Users/vjivandro/.gradle/native/23/osx-amd64/libnative-platform.dylib
0x0000000119b82000 	/Applications/Android Studio.app/Contents/jre/jdk/Contents/Home/jre/lib/libmanagement.dylib

VM Arguments:
jvm_args: -Xmx1536m -Dfile.encoding=UTF-8 -Duser.country=US -Duser.language=en -Duser.variant 
java_command: org.gradle.launcher.daemon.bootstrap.GradleDaemon 3.3
java_class_path (initial): /Users/vjivandro/.gradle/wrapper/dists/gradle-3.3-all/55gk2rcmfc6p2dg9u9ohc3hw9/gradle-3.3/lib/gradle-launcher-3.3.jar
Launcher Type: SUN_STANDARD

Environment Variables:
PATH=/usr/bin:/bin:/usr/sbin:/sbin
SHELL=/bin/bash

Signal Handlers:
SIGSEGV: [libjvm.dylib+0x57e9cd], sa_mask[0]=11111111011111110111111111111111, sa_flags=SA_ONSTACK|SA_RESTART|SA_SIGINFO
SIGBUS: [libjvm.dylib+0x57e9cd], sa_mask[0]=11111111011111110111111111111111, sa_flags=SA_RESTART|SA_SIGINFO
SIGFPE: [libjvm.dylib+0x45951c], sa_mask[0]=11111111011111110111111111111111, sa_flags=SA_RESTART|SA_SIGINFO
SIGPIPE: [libjvm.dylib+0x45951c], sa_mask[0]=11111111011111110111111111111111, sa_flags=SA_RESTART|SA_SIGINFO
SIGXFSZ: [libjvm.dylib+0x45951c], sa_mask[0]=11111111011111110111111111111111, sa_flags=SA_RESTART|SA_SIGINFO
SIGILL: [libjvm.dylib+0x45951c], sa_mask[0]=11111111011111110111111111111111, sa_flags=SA_RESTART|SA_SIGINFO
SIGUSR1: SIG_DFL, sa_mask[0]=00000000000000000000000000000000, sa_flags=none
SIGUSR2: [libjvm.dylib+0x45903a], sa_mask[0]=00100000000000000000000000000000, sa_flags=SA_RESTART|SA_SIGINFO
SIGHUP: [libjvm.dylib+0x457611], sa_mask[0]=11111111011111110111111111111111, sa_flags=SA_RESTART|SA_SIGINFO
SIGINT: [libjvm.dylib+0x457611], sa_mask[0]=11111111011111110111111111111111, sa_flags=SA_RESTART|SA_SIGINFO
SIGTERM: [libjvm.dylib+0x457611], sa_mask[0]=11111111011111110111111111111111, sa_flags=SA_RESTART|SA_SIGINFO
SIGQUIT: [libjvm.dylib+0x457611], sa_mask[0]=11111111011111110111111111111111, sa_flags=SA_RESTART|SA_SIGINFO


---------------  S Y S T E M  ---------------

OS:Bsduname:Darwin 15.6.0 Darwin Kernel Version 15.6.0: Sun Jun  4 21:43:07 PDT 2017; root:xnu-3248.70.3~1/RELEASE_X86_64 x86_64
rlimit: STACK 8192k, CORE 0k, NPROC 709, NOFILE 10240, AS infinity
load average:3.54 2.34 1.21

CPU:total 2 (2 cores per cpu, 1 threads per core) family 6 model 23 stepping 10, cmov, cx8, fxsr, mmx, sse, sse2, sse3, ssse3, sse4.1, tsc

Memory: 4k page, physical 8388608k(3647096k free)

/proc/meminfo:


vm_info: OpenJDK 64-Bit Server VM (25.112-b06) for bsd-amd64 JRE (1.8.0_112-release-b06), built on Dec  6 2016 12:18:58 by "builder" with gcc 4.2.1 (Based on Apple Inc. build 5658) (LLVM build 2336.11.00)

time: Thu Oct 12 21:52:38 2017
elapsed time: 49 seconds (0d 0h 0m 49s)

