#
# A fatal error has been detected by the Java Runtime Environment:
#
#  Internal Error (methodData.cpp:1025), pid=822, tid=0x0000000000003f03
#  Error: ShouldNotReachHere()
#
# JRE version: OpenJDK Runtime Environment (8.0_112-b06) (build 1.8.0_112-release-b06)
# Java VM: OpenJDK 64-Bit Server VM (25.112-b06 mixed mode bsd-amd64 compressed oops)
# Failed to write core dump. Core dumps have been disabled. To enable core dumping, try "ulimit -c unlimited" before starting Java again
#
# If you would like to submit a bug report, please visit:
#   http://bugreport.java.com/bugreport/crash.jsp
#

---------------  T H R E A D  ---------------

Current thread (0x00007fca1a03c000):  JavaThread "C2 CompilerThread0" daemon [_thread_in_vm, id=16131, stack(0x0000700000935000,0x0000700000a35000)]

Stack: [0x0000700000935000,0x0000700000a35000],  sp=0x0000700000a31430,  free space=1009k
Native frames: (J=compiled Java code, j=interpreted, Vv=VM code, C=native code)
V  [libjvm.dylib+0x57e1be]  VMError::report_and_die()+0x3f8
V  [libjvm.dylib+0x1e2707]  report_vm_error(char const*, int, char const*, char const*)+0x54
V  [libjvm.dylib+0x426279]  DataLayout::data_in()+0x35
V  [libjvm.dylib+0x16f8fd]  MethodData::parameters_type_data() const+0x23
V  [libjvm.dylib+0x16f2bb]  ciMethodData::load_data()+0x12d
V  [libjvm.dylib+0x16b4e0]  ciMethod::method_data()+0xae
V  [libjvm.dylib+0x472c56]  Parse::Parse(JVMState*, ciMethod*, float)+0x1d8
V  [libjvm.dylib+0x14f90a]  ParseGenerator::generate(JVMState*)+0x64
V  [libjvm.dylib+0x232c61]  Parse::do_call()+0x2cb
V  [libjvm.dylib+0x47affe]  Parse::do_one_bytecode()+0x4884
V  [libjvm.dylib+0x4710ef]  Parse::do_one_block()+0xc1
V  [libjvm.dylib+0x4713f3]  Parse::do_all_blocks()+0x271
V  [libjvm.dylib+0x472ffb]  Parse::Parse(JVMState*, ciMethod*, float)+0x57d
V  [libjvm.dylib+0x14f90a]  ParseGenerator::generate(JVMState*)+0x64
V  [libjvm.dylib+0x232c61]  Parse::do_call()+0x2cb
V  [libjvm.dylib+0x47affe]  Parse::do_one_bytecode()+0x4884
V  [libjvm.dylib+0x4710ef]  Parse::do_one_block()+0xc1
V  [libjvm.dylib+0x4713f3]  Parse::do_all_blocks()+0x271
V  [libjvm.dylib+0x472ffb]  Parse::Parse(JVMState*, ciMethod*, float)+0x57d
V  [libjvm.dylib+0x14f90a]  ParseGenerator::generate(JVMState*)+0x64
V  [libjvm.dylib+0x1506e4]  PredictedCallGenerator::generate(JVMState*)+0x222
V  [libjvm.dylib+0x232c61]  Parse::do_call()+0x2cb
V  [libjvm.dylib+0x47affe]  Parse::do_one_bytecode()+0x4884
V  [libjvm.dylib+0x4710ef]  Parse::do_one_block()+0xc1
V  [libjvm.dylib+0x4713f3]  Parse::do_all_blocks()+0x271
V  [libjvm.dylib+0x472ffb]  Parse::Parse(JVMState*, ciMethod*, float)+0x57d
V  [libjvm.dylib+0x14f90a]  ParseGenerator::generate(JVMState*)+0x64
V  [libjvm.dylib+0x1506e4]  PredictedCallGenerator::generate(JVMState*)+0x222
V  [libjvm.dylib+0x232c61]  Parse::do_call()+0x2cb
V  [libjvm.dylib+0x47affe]  Parse::do_one_bytecode()+0x4884
V  [libjvm.dylib+0x4710ef]  Parse::do_one_block()+0xc1
V  [libjvm.dylib+0x4713f3]  Parse::do_all_blocks()+0x271
V  [libjvm.dylib+0x472ffb]  Parse::Parse(JVMState*, ciMethod*, float)+0x57d
V  [libjvm.dylib+0x14f90a]  ParseGenerator::generate(JVMState*)+0x64
V  [libjvm.dylib+0x232c61]  Parse::do_call()+0x2cb
V  [libjvm.dylib+0x47affe]  Parse::do_one_bytecode()+0x4884
V  [libjvm.dylib+0x4710ef]  Parse::do_one_block()+0xc1
V  [libjvm.dylib+0x4713f3]  Parse::do_all_blocks()+0x271
V  [libjvm.dylib+0x472ffb]  Parse::Parse(JVMState*, ciMethod*, float)+0x57d
V  [libjvm.dylib+0x14f90a]  ParseGenerator::generate(JVMState*)+0x64
V  [libjvm.dylib+0x232c61]  Parse::do_call()+0x2cb
V  [libjvm.dylib+0x47affe]  Parse::do_one_bytecode()+0x4884
V  [libjvm.dylib+0x4710ef]  Parse::do_one_block()+0xc1
V  [libjvm.dylib+0x4713f3]  Parse::do_all_blocks()+0x271
V  [libjvm.dylib+0x472ffb]  Parse::Parse(JVMState*, ciMethod*, float)+0x57d
V  [libjvm.dylib+0x14f90a]  ParseGenerator::generate(JVMState*)+0x64
V  [libjvm.dylib+0x232c61]  Parse::do_call()+0x2cb
V  [libjvm.dylib+0x47affe]  Parse::do_one_bytecode()+0x4884
V  [libjvm.dylib+0x4710ef]  Parse::do_one_block()+0xc1
V  [libjvm.dylib+0x4713f3]  Parse::do_all_blocks()+0x271
V  [libjvm.dylib+0x472ffb]  Parse::Parse(JVMState*, ciMethod*, float)+0x57d
V  [libjvm.dylib+0x14f90a]  ParseGenerator::generate(JVMState*)+0x64
V  [libjvm.dylib+0x1ae828]  Compile::Compile(ciEnv*, C2Compiler*, ciMethod*, int, bool, bool, bool)+0x6be
V  [libjvm.dylib+0x14f20a]  C2Compiler::compile_method(ciEnv*, ciMethod*, int)+0xb2
V  [libjvm.dylib+0x1b19fe]  CompileBroker::invoke_compiler_on_method(CompileTask*)+0x5b2
V  [libjvm.dylib+0x1b3f45]  CompileBroker::compiler_thread_loop()+0x291
V  [libjvm.dylib+0x53912d]  JavaThread::thread_main_inner()+0x9b
V  [libjvm.dylib+0x53a7e4]  JavaThread::run()+0x1c0
V  [libjvm.dylib+0x45bf0a]  java_start(Thread*)+0xf6
C  [libsystem_pthread.dylib+0x399d]  _pthread_body+0x83
C  [libsystem_pthread.dylib+0x391a]  _pthread_body+0x0
C  [libsystem_pthread.dylib+0x1351]  thread_start+0xd
C  0x0000000000000000


Current CompileTask:
C2:   9396 1945       4       java.net.URLClassLoader$1::run (5 bytes)


---------------  P R O C E S S  ---------------

Java Threads: ( => current thread )
  0x00007fca1bfc4000 JavaThread "File lock request listener" [_thread_in_native, id=23815, stack(0x0000700001584000,0x0000700001684000)]
  0x00007fca1a4bc000 JavaThread "pool-1-thread-1" [_thread_blocked, id=21767, stack(0x0000700001456000,0x0000700001556000)]
  0x00007fca1a4be800 JavaThread "process reaper" daemon [_thread_blocked, id=22275, stack(0x0000700001559000,0x0000700001581000)]
  0x00007fca1a4a4000 JavaThread "Stdin handler" [_thread_blocked, id=21251, stack(0x0000700001353000,0x0000700001453000)]
  0x00007fca1a4a3000 JavaThread "Asynchronous log dispatcher for DefaultDaemonConnection: socket connection from /127.0.0.1:49193 to /127.0.0.1:49194" [_thread_blocked, id=20739, stack(0x0000700001250000,0x0000700001350000)]
  0x00007fca1adbe800 JavaThread "Daemon worker" [_thread_in_Java, id=20227, stack(0x000070000114d000,0x000070000124d000)]
  0x00007fca1a48d800 JavaThread "Cancel handler" [_thread_blocked, id=19715, stack(0x000070000104a000,0x000070000114a000)]
  0x00007fca1a495000 JavaThread "Handler for socket connection from /127.0.0.1:49193 to /127.0.0.1:49194" [_thread_in_native, id=19203, stack(0x0000700000f47000,0x0000700001047000)]
  0x00007fca1adb7000 JavaThread "Daemon" [_thread_blocked, id=18691, stack(0x0000700000e44000,0x0000700000f44000)]
  0x00007fca1a451000 JavaThread "Incoming local TCP Connector on port 49193" [_thread_in_native, id=18179, stack(0x0000700000d41000,0x0000700000e41000)]
  0x00007fca1a804800 JavaThread "Service Thread" daemon [_thread_blocked, id=17155, stack(0x0000700000b3b000,0x0000700000c3b000)]
  0x00007fca1a053800 JavaThread "C1 CompilerThread1" daemon [_thread_blocked, id=16643, stack(0x0000700000a38000,0x0000700000b38000)]
=>0x00007fca1a03c000 JavaThread "C2 CompilerThread0" daemon [_thread_in_vm, id=16131, stack(0x0000700000935000,0x0000700000a35000)]
  0x00007fca1a048000 JavaThread "Signal Dispatcher" daemon [_thread_blocked, id=15623, stack(0x0000700000832000,0x0000700000932000)]
  0x00007fca1a842800 JavaThread "Finalizer" daemon [_thread_blocked, id=10755, stack(0x0000700000629000,0x0000700000729000)]
  0x00007fca1a032800 JavaThread "Reference Handler" daemon [_thread_blocked, id=10243, stack(0x0000700000526000,0x0000700000626000)]
  0x00007fca1a805800 JavaThread "main" [_thread_blocked, id=4099, stack(0x0000700000084000,0x0000700000184000)]

Other Threads:
  0x00007fca1a030000 VMThread [stack: 0x0000700000423000,0x0000700000523000] [id=9731]
  0x00007fca1a047000 WatcherThread [stack: 0x0000700000c3e000,0x0000700000d3e000] [id=17667]

VM state:not at safepoint (normal execution)

VM Mutex/Monitor currently owned by a thread: None

Heap:
 PSYoungGen      total 53760K, used 17497K [0x00000007a0000000, 0x00000007a3f00000, 0x00000007c0000000)
  eden space 44544K, 27% used [0x00000007a0000000,0x00000007a0c1da68,0x00000007a2b80000)
  from space 9216K, 55% used [0x00000007a3480000,0x00000007a3978bf8,0x00000007a3d80000)
  to   space 9216K, 0% used [0x00000007a2b80000,0x00000007a2b80000,0x00000007a3480000)
 ParOldGen       total 66048K, used 7661K [0x0000000760000000, 0x0000000764080000, 0x00000007a0000000)
  object space 66048K, 11% used [0x0000000760000000,0x000000076077b4f8,0x0000000764080000)
 Metaspace       used 26305K, capacity 26760K, committed 27136K, reserved 1073152K
  class space    used 3680K, capacity 3799K, committed 3840K, reserved 1048576K

Card table byte_map: [0x0000000114dc0000,0x00000001150c1000] byte_map_base: 0x00000001112c0000

Marking Bits: (ParMarkBitMap*) 0x00000001051d2ed0
 Begin Bits: [0x00000001152c1000, 0x0000000116ac1000)
 End Bits:   [0x0000000116ac1000, 0x00000001182c1000)

Polling page: 0x000000010547f000

CodeCache: size=245760Kb used=6668Kb max_used=6690Kb free=239091Kb
 bounds [0x0000000105a00000, 0x0000000106090000, 0x0000000114a00000]
 total_blobs=2553 nmethods=1914 adapters=554
 compilation: enabled

Compilation events (10 events):
Event: 9.256 Thread 0x00007fca1a03c000 nmethod 1910 0x0000000106088b50 code [0x0000000106088ce0, 0x0000000106089718]
Event: 9.256 Thread 0x00007fca1a03c000 1941  s!   4       java.net.URLStreamHandler::getHostAddress (54 bytes)
Event: 9.259 Thread 0x00007fca1a03c000 nmethod 1941 0x0000000105b14fd0 code [0x0000000105b15120, 0x0000000105b15418]
Event: 9.281 Thread 0x00007fca1a03c000 1942   !   4       java.util.zip.InflaterInputStream::read (138 bytes)
Event: 9.314 Thread 0x00007fca1a03c000 nmethod 1942 0x0000000105b1c1d0 code [0x0000000105b1c400, 0x0000000105b1d928]
Event: 9.314 Thread 0x00007fca1a03c000 1943       4       java.security.CodeSource::getCertificates (98 bytes)
Event: 9.315 Thread 0x00007fca1a03c000 nmethod 1943 0x0000000105b30ed0 code [0x0000000105b31020, 0x0000000105b310b8]
Event: 9.315 Thread 0x00007fca1a03c000 1944   !   4       java.util.zip.ZipFile$ZipFileInflaterInputStream::close (67 bytes)
Event: 9.349 Thread 0x00007fca1a03c000 nmethod 1944 0x0000000105b1a310 code [0x0000000105b1a520, 0x0000000105b1b4e0]
Event: 9.349 Thread 0x00007fca1a03c000 1945       4       java.net.URLClassLoader$1::run (5 bytes)

GC Heap History (10 events):
Event: 5.585 GC heap before
{Heap before GC invocations=3 (full 0):
 PSYoungGen      total 38400K, used 38373K [0x00000007a0000000, 0x00000007a2a80000, 0x00000007c0000000)
  eden space 33280K, 100% used [0x00000007a0000000,0x00000007a2080000,0x00000007a2080000)
  from space 5120K, 99% used [0x00000007a2580000,0x00000007a2a79580,0x00000007a2a80000)
  to   space 5120K, 0% used [0x00000007a2080000,0x00000007a2080000,0x00000007a2580000)
 ParOldGen       total 87552K, used 714K [0x0000000760000000, 0x0000000765580000, 0x00000007a0000000)
  object space 87552K, 0% used [0x0000000760000000,0x00000007600b28e0,0x0000000765580000)
 Metaspace       used 16541K, capacity 16846K, committed 17024K, reserved 1064960K
  class space    used 2326K, capacity 2425K, committed 2432K, reserved 1048576K
Event: 5.606 GC heap after
Heap after GC invocations=3 (full 0):
 PSYoungGen      total 38400K, used 5104K [0x00000007a0000000, 0x00000007a2a80000, 0x00000007c0000000)
  eden space 33280K, 0% used [0x00000007a0000000,0x00000007a0000000,0x00000007a2080000)
  from space 5120K, 99% used [0x00000007a2080000,0x00000007a257c010,0x00000007a2580000)
  to   space 5120K, 0% used [0x00000007a2580000,0x00000007a2580000,0x00000007a2a80000)
 ParOldGen       total 87552K, used 3389K [0x0000000760000000, 0x0000000765580000, 0x00000007a0000000)
  object space 87552K, 3% used [0x0000000760000000,0x000000076034f530,0x0000000765580000)
 Metaspace       used 16541K, capacity 16846K, committed 17024K, reserved 1064960K
  class space    used 2326K, capacity 2425K, committed 2432K, reserved 1048576K
}
Event: 6.539 GC heap before
{Heap before GC invocations=4 (full 0):
 PSYoungGen      total 38400K, used 24820K [0x00000007a0000000, 0x00000007a2a80000, 0x00000007c0000000)
  eden space 33280K, 59% used [0x00000007a0000000,0x00000007a1341110,0x00000007a2080000)
  from space 5120K, 99% used [0x00000007a2080000,0x00000007a257c010,0x00000007a2580000)
  to   space 5120K, 0% used [0x00000007a2580000,0x00000007a2580000,0x00000007a2a80000)
 ParOldGen       total 87552K, used 3389K [0x0000000760000000, 0x0000000765580000, 0x00000007a0000000)
  object space 87552K, 3% used [0x0000000760000000,0x000000076034f530,0x0000000765580000)
 Metaspace       used 20711K, capacity 21076K, committed 21296K, reserved 1067008K
  class space    used 2745K, capacity 2875K, committed 2944K, reserved 1048576K
Event: 6.572 GC heap after
Heap after GC invocations=4 (full 0):
 PSYoungGen      total 38400K, used 5104K [0x00000007a0000000, 0x00000007a4b00000, 0x00000007c0000000)
  eden space 33280K, 0% used [0x00000007a0000000,0x00000007a0000000,0x00000007a2080000)
  from space 5120K, 99% used [0x00000007a2580000,0x00000007a2a7c030,0x00000007a2a80000)
  to   space 5120K, 0% used [0x00000007a2080000,0x00000007a2080000,0x00000007a2580000)
 ParOldGen       total 87552K, used 6056K [0x0000000760000000, 0x0000000765580000, 0x00000007a0000000)
  object space 87552K, 6% used [0x0000000760000000,0x00000007605ea088,0x0000000765580000)
 Metaspace       used 20711K, capacity 21076K, committed 21296K, reserved 1067008K
  class space    used 2745K, capacity 2875K, committed 2944K, reserved 1048576K
}
Event: 6.572 GC heap before
{Heap before GC invocations=5 (full 1):
 PSYoungGen      total 38400K, used 5104K [0x00000007a0000000, 0x00000007a4b00000, 0x00000007c0000000)
  eden space 33280K, 0% used [0x00000007a0000000,0x00000007a0000000,0x00000007a2080000)
  from space 5120K, 99% used [0x00000007a2580000,0x00000007a2a7c030,0x00000007a2a80000)
  to   space 5120K, 0% used [0x00000007a2080000,0x00000007a2080000,0x00000007a2580000)
 ParOldGen       total 87552K, used 6056K [0x0000000760000000, 0x0000000765580000, 0x00000007a0000000)
  object space 87552K, 6% used [0x0000000760000000,0x00000007605ea088,0x0000000765580000)
 Metaspace       used 20711K, capacity 21076K, committed 21296K, reserved 1067008K
  class space    used 2745K, capacity 2875K, committed 2944K, reserved 1048576K
Event: 6.746 GC heap after
Heap after GC invocations=5 (full 1):
 PSYoungGen      total 38400K, used 0K [0x00000007a0000000, 0x00000007a4b00000, 0x00000007c0000000)
  eden space 33280K, 0% used [0x00000007a0000000,0x00000007a0000000,0x00000007a2080000)
  from space 5120K, 0% used [0x00000007a2580000,0x00000007a2580000,0x00000007a2a80000)
  to   space 5120K, 0% used [0x00000007a2080000,0x00000007a2080000,0x00000007a2580000)
 ParOldGen       total 66048K, used 7645K [0x0000000760000000, 0x0000000764080000, 0x00000007a0000000)
  object space 66048K, 11% used [0x0000000760000000,0x00000007607774f8,0x0000000764080000)
 Metaspace       used 20711K, capacity 21076K, committed 21296K, reserved 1067008K
  class space    used 2745K, capacity 2875K, committed 2944K, reserved 1048576K
}
Event: 8.050 GC heap before
{Heap before GC invocations=6 (full 1):
 PSYoungGen      total 38400K, used 33280K [0x00000007a0000000, 0x00000007a4b00000, 0x00000007c0000000)
  eden space 33280K, 100% used [0x00000007a0000000,0x00000007a2080000,0x00000007a2080000)
  from space 5120K, 0% used [0x00000007a2580000,0x00000007a2580000,0x00000007a2a80000)
  to   space 5120K, 0% used [0x00000007a2080000,0x00000007a2080000,0x00000007a2580000)
 ParOldGen       total 66048K, used 7645K [0x0000000760000000, 0x0000000764080000, 0x00000007a0000000)
  object space 66048K, 11% used [0x0000000760000000,0x00000007607774f8,0x0000000764080000)
 Metaspace       used 23516K, capacity 23858K, committed 24064K, reserved 1071104K
  class space    used 3185K, capacity 3304K, committed 3328K, reserved 1048576K
Event: 8.060 GC heap after
Heap after GC invocations=6 (full 1):
 PSYoungGen      total 38400K, used 4601K [0x00000007a0000000, 0x00000007a3d80000, 0x00000007c0000000)
  eden space 33280K, 0% used [0x00000007a0000000,0x00000007a0000000,0x00000007a2080000)
  from space 5120K, 89% used [0x00000007a2080000,0x00000007a24fe768,0x00000007a2580000)
  to   space 9216K, 0% used [0x00000007a3480000,0x00000007a3480000,0x00000007a3d80000)
 ParOldGen       total 66048K, used 7653K [0x0000000760000000, 0x0000000764080000, 0x00000007a0000000)
  object space 66048K, 11% used [0x0000000760000000,0x00000007607794f8,0x0000000764080000)
 Metaspace       used 23516K, capacity 23858K, committed 24064K, reserved 1071104K
  class space    used 3185K, capacity 3304K, committed 3328K, reserved 1048576K
}
Event: 9.156 GC heap before
{Heap before GC invocations=7 (full 1):
 PSYoungGen      total 38400K, used 37881K [0x00000007a0000000, 0x00000007a3d80000, 0x00000007c0000000)
  eden space 33280K, 100% used [0x00000007a0000000,0x00000007a2080000,0x00000007a2080000)
  from space 5120K, 89% used [0x00000007a2080000,0x00000007a24fe768,0x00000007a2580000)
  to   space 9216K, 0% used [0x00000007a3480000,0x00000007a3480000,0x00000007a3d80000)
 ParOldGen       total 66048K, used 7653K [0x0000000760000000, 0x0000000764080000, 0x00000007a0000000)
  object space 66048K, 11% used [0x0000000760000000,0x00000007607794f8,0x0000000764080000)
 Metaspace       used 25691K, capacity 26152K, committed 26496K, reserved 1073152K
  class space    used 3572K, capacity 3703K, committed 3712K, reserved 1048576K
Event: 9.181 GC heap after
Heap after GC invocations=7 (full 1):
 PSYoungGen      total 53760K, used 5090K [0x00000007a0000000, 0x00000007a3f00000, 0x00000007c0000000)
  eden space 44544K, 0% used [0x00000007a0000000,0x00000007a0000000,0x00000007a2b80000)
  from space 9216K, 55% used [0x00000007a3480000,0x00000007a3978bf8,0x00000007a3d80000)
  to   space 9216K, 0% used [0x00000007a2b80000,0x00000007a2b80000,0x00000007a3480000)
 ParOldGen       total 66048K, used 7661K [0x0000000760000000, 0x0000000764080000, 0x00000007a0000000)
  object space 66048K, 11% used [0x0000000760000000,0x000000076077b4f8,0x0000000764080000)
 Metaspace       used 25691K, capacity 26152K, committed 26496K, reserved 1073152K
  class space    used 3572K, capacity 3703K, committed 3712K, reserved 1048576K
}

Deoptimization events (10 events):
Event: 5.539 Thread 0x00007fca1adbe800 Uncommon trap: reason=bimorphic action=maybe_recompile pc=0x0000000105dc9f78 method=java.lang.ClassLoader.loadClass(Ljava/lang/String;Z)Ljava/lang/Class; @ 38
Event: 5.541 Thread 0x00007fca1adbe800 Uncommon trap: reason=class_check action=maybe_recompile pc=0x0000000105bced58 method=sun.misc.URLClassPath.getLoader(I)Lsun/misc/URLClassPath$Loader; @ 94
Event: 5.544 Thread 0x00007fca1adbe800 Uncommon trap: reason=class_check action=maybe_recompile pc=0x0000000105cd7d6c method=sun.misc.URLClassPath.getResource(Ljava/lang/String;Z)Lsun/misc/Resource; @ 62
Event: 5.573 Thread 0x00007fca1adbe800 Uncommon trap: reason=bimorphic action=maybe_recompile pc=0x0000000105dc9f78 method=java.lang.ClassLoader.loadClass(Ljava/lang/String;Z)Ljava/lang/Class; @ 38
Event: 5.573 Thread 0x00007fca1adbe800 Uncommon trap: reason=bimorphic action=maybe_recompile pc=0x0000000105dc9f78 method=java.lang.ClassLoader.loadClass(Ljava/lang/String;Z)Ljava/lang/Class; @ 38
Event: 7.072 Thread 0x00007fca1adbe800 Uncommon trap: reason=unstable_if action=reinterpret pc=0x0000000105da8a1c method=java.util.HashMap.hash(Ljava/lang/Object;)I @ 1
Event: 7.350 Thread 0x00007fca1adbe800 Uncommon trap: reason=unstable_if action=reinterpret pc=0x0000000105d9bf34 method=java.util.HashMap.getNode(ILjava/lang/Object;)Ljava/util/HashMap$Node; @ 53
Event: 7.350 Thread 0x00007fca1adbe800 Uncommon trap: reason=unstable_if action=reinterpret pc=0x0000000105cd54b0 method=java.util.HashMap.hash(Ljava/lang/Object;)I @ 1
Event: 7.350 Thread 0x00007fca1adbe800 Uncommon trap: reason=unstable_if action=reinterpret pc=0x0000000105cef47c method=java.util.HashMap.putVal(ILjava/lang/Object;Ljava/lang/Object;ZZ)Ljava/lang/Object; @ 85
Event: 8.045 Thread 0x00007fca1adbe800 Uncommon trap: reason=unstable_if action=reinterpret pc=0x0000000105c5d75c method=java.io.UnixFileSystem.resolve(Ljava/lang/String;Ljava/lang/String;)Ljava/lang/String; @ 18

Internal exceptions (10 events):
Event: 8.253 Thread 0x00007fca1adbe800 Exception <a 'java/lang/ClassNotFoundException': org/gradle/api/internal/artifacts/repositories/DefaultMavenArtifactRepositoryCustomizer> (0x00000007a078f928) thrown at [/Volumes/Android_AOSP/AOSP-openjdk/external/jetbrains/jdk/hotspot/src/share/vm/classf
Event: 8.261 Thread 0x00007fca1adbe800 Exception <a 'java/lang/ClassNotFoundException': org/gradle/api/internal/artifacts/repositories/DefaultMavenArtifactRepository_DecoratedCustomizer> (0x00000007a07d05d8) thrown at [/Volumes/Android_AOSP/AOSP-openjdk/external/jetbrains/jdk/hotspot/src/share
Event: 8.526 Thread 0x00007fca1adbe800 Exception <a 'java/lang/ClassNotFoundException': build_5emw3kivhz42lbsdd28i09895BeanInfo> (0x00000007a0fbf1d0) thrown at [/Volumes/Android_AOSP/AOSP-openjdk/external/jetbrains/jdk/hotspot/src/share/vm/classfile/systemDictionary.cpp, line 210]
Event: 8.527 Thread 0x00007fca1adbe800 Exception <a 'java/lang/ClassNotFoundException': org/gradle/api/internal/project/ProjectScriptBeanInfo> (0x00000007a0fd0c80) thrown at [/Volumes/Android_AOSP/AOSP-openjdk/external/jetbrains/jdk/hotspot/src/share/vm/classfile/systemDictionary.cpp, line 210
Event: 8.527 Thread 0x00007fca1adbe800 Exception <a 'java/lang/ClassNotFoundException': org/gradle/api/internal/project/ProjectScriptCustomizer> (0x00000007a0fe2ba8) thrown at [/Volumes/Android_AOSP/AOSP-openjdk/external/jetbrains/jdk/hotspot/src/share/vm/classfile/systemDictionary.cpp, line 2
Event: 8.545 Thread 0x00007fca1adbe800 Exception <a 'java/lang/ClassNotFoundException': build_5emw3kivhz42lbsdd28i09895Customizer> (0x00000007a1002c50) thrown at [/Volumes/Android_AOSP/AOSP-openjdk/external/jetbrains/jdk/hotspot/src/share/vm/classfile/systemDictionary.cpp, line 210]
Event: 9.024 Thread 0x00007fca1adbe800 Exception <a 'java/lang/ClassNotFoundException': org/gradle/api/internal/artifacts/dsl/dependencies/DefaultDependencyHandler_DecoratedBeanInfo> (0x00000007a1c2f230) thrown at [/Volumes/Android_AOSP/AOSP-openjdk/external/jetbrains/jdk/hotspot/src/share/vm/
Event: 9.038 Thread 0x00007fca1adbe800 Exception <a 'java/lang/ClassNotFoundException': org/gradle/api/internal/artifacts/dsl/dependencies/DefaultDependencyHandlerBeanInfo> (0x00000007a1c5dd78) thrown at [/Volumes/Android_AOSP/AOSP-openjdk/external/jetbrains/jdk/hotspot/src/share/vm/classfile/
Event: 9.039 Thread 0x00007fca1adbe800 Exception <a 'java/lang/ClassNotFoundException': org/gradle/api/internal/artifacts/dsl/dependencies/DefaultDependencyHandlerCustomizer> (0x00000007a1c8d000) thrown at [/Volumes/Android_AOSP/AOSP-openjdk/external/jetbrains/jdk/hotspot/src/share/vm/classfil
Event: 9.041 Thread 0x00007fca1adbe800 Exception <a 'java/lang/ClassNotFoundException': org/gradle/api/internal/artifacts/dsl/dependencies/DefaultDependencyHandler_DecoratedCustomizer> (0x00000007a1ccfdc8) thrown at [/Volumes/Android_AOSP/AOSP-openjdk/external/jetbrains/jdk/hotspot/src/share/v

Events (10 events):
Event: 9.361 loading class org/gradle/api/internal/artifacts/DefaultModuleVersionIdentifier
Event: 9.361 loading class org/gradle/api/internal/artifacts/DefaultModuleVersionIdentifier done
Event: 9.361 loading class org/gradle/api/internal/artifacts/DefaultModuleIdentifier
Event: 9.361 loading class org/gradle/api/internal/artifacts/DefaultModuleIdentifier done
Event: 9.362 loading class org/gradle/internal/component/local/model/DefaultLocalComponentMetadata
Event: 9.362 loading class org/gradle/internal/component/local/model/DefaultLocalComponentMetadata done
Event: 9.363 loading class org/gradle/internal/component/model/ConfigurationMetadata
Event: 9.363 loading class org/gradle/internal/component/model/ConfigurationMetadata done
Event: 9.364 loading class org/gradle/internal/component/local/model/LocalComponentArtifactMetadata
Event: 9.364 loading class org/gradle/internal/component/local/model/LocalComponentArtifactMetadata done


Dynamic libraries:
0x00000000034ea000 	/System/Library/Frameworks/Cocoa.framework/Versions/A/Cocoa
0x00000000034ea000 	/System/Library/Frameworks/Security.framework/Versions/A/Security
0x00000000034ea000 	/System/Library/Frameworks/ApplicationServices.framework/Versions/A/ApplicationServices
0x00000000034ea000 	/usr/lib/libz.1.dylib
0x00000000034ea000 	/usr/lib/libSystem.B.dylib
0x00000000034ea000 	/usr/lib/libobjc.A.dylib
0x00000000034ea000 	/System/Library/Frameworks/Foundation.framework/Versions/C/Foundation
0x00000000034ea000 	/System/Library/Frameworks/CoreFoundation.framework/Versions/A/CoreFoundation
0x00000000034ea000 	/System/Library/Frameworks/AppKit.framework/Versions/C/AppKit
0x00000000034ea000 	/System/Library/Frameworks/CoreData.framework/Versions/A/CoreData
0x00000000034ea000 	/System/Library/PrivateFrameworks/RemoteViewServices.framework/Versions/A/RemoteViewServices
0x00000000034ea000 	/System/Library/PrivateFrameworks/UIFoundation.framework/Versions/A/UIFoundation
0x00000000034ea000 	/usr/lib/libScreenReader.dylib
0x00000000034ea000 	/System/Library/Frameworks/Accelerate.framework/Versions/A/Accelerate
0x00000000034ea000 	/System/Library/Frameworks/IOSurface.framework/Versions/A/IOSurface
0x00000000034ea000 	/System/Library/Frameworks/AudioToolbox.framework/Versions/A/AudioToolbox
0x00000000034ea000 	/System/Library/Frameworks/AudioUnit.framework/Versions/A/AudioUnit
0x00000000034ea000 	/System/Library/PrivateFrameworks/DataDetectorsCore.framework/Versions/A/DataDetectorsCore
0x00000000034ea000 	/System/Library/PrivateFrameworks/DesktopServicesPriv.framework/Versions/A/DesktopServicesPriv
0x00000000034ea000 	/System/Library/Frameworks/Carbon.framework/Versions/A/Frameworks/HIToolbox.framework/Versions/A/HIToolbox
0x00000000034ea000 	/System/Library/Frameworks/QuartzCore.framework/Versions/A/QuartzCore
0x00000000034ea000 	/System/Library/Frameworks/Carbon.framework/Versions/A/Frameworks/SpeechRecognition.framework/Versions/A/SpeechRecognition
0x00000000034ea000 	/usr/lib/libauto.dylib
0x00000000034ea000 	/usr/lib/libicucore.A.dylib
0x00000000034ea000 	/usr/lib/libxml2.2.dylib
0x00000000034ea000 	/System/Library/PrivateFrameworks/CoreUI.framework/Versions/A/CoreUI
0x00000000034ea000 	/System/Library/Frameworks/CoreAudio.framework/Versions/A/CoreAudio
0x00000000034ea000 	/System/Library/Frameworks/DiskArbitration.framework/Versions/A/DiskArbitration
0x00000000034ea000 	/usr/lib/liblangid.dylib
0x00000000034ea000 	/System/Library/PrivateFrameworks/MultitouchSupport.framework/Versions/A/MultitouchSupport
0x00000000034ea000 	/System/Library/Frameworks/IOKit.framework/Versions/A/IOKit
0x00000000034ea000 	/usr/lib/libDiagnosticMessagesClient.dylib
0x00000000034ea000 	/System/Library/Frameworks/CoreServices.framework/Versions/A/CoreServices
0x00000000034ea000 	/System/Library/PrivateFrameworks/PerformanceAnalysis.framework/Versions/A/PerformanceAnalysis
0x00000000034ea000 	/System/Library/PrivateFrameworks/GenerationalStorage.framework/Versions/A/GenerationalStorage
0x00000000034ea000 	/System/Library/Frameworks/OpenGL.framework/Versions/A/OpenGL
0x00000000034ea000 	/System/Library/PrivateFrameworks/Sharing.framework/Versions/A/Sharing
0x00000000034ea000 	/System/Library/Frameworks/CoreGraphics.framework/Versions/A/CoreGraphics
0x00000000034ea000 	/System/Library/Frameworks/CoreImage.framework/Versions/A/CoreImage
0x00000000034ea000 	/System/Library/Frameworks/CoreText.framework/Versions/A/CoreText
0x00000000034ea000 	/System/Library/Frameworks/ImageIO.framework/Versions/A/ImageIO
0x00000000034ea000 	/System/Library/PrivateFrameworks/Backup.framework/Versions/A/Backup
0x00000000034ea000 	/usr/lib/libextension.dylib
0x00000000034ea000 	/usr/lib/libarchive.2.dylib
0x00000000034ea000 	/System/Library/Frameworks/CFNetwork.framework/Versions/A/CFNetwork
0x00000000034ea000 	/System/Library/Frameworks/SystemConfiguration.framework/Versions/A/SystemConfiguration
0x00000000034ea000 	/usr/lib/libCRFSuite.dylib
0x00000000034ea000 	/usr/lib/libc++.1.dylib
0x00000000034ea000 	/usr/lib/libc++abi.dylib
0x00000000034ea000 	/usr/lib/system/libcache.dylib
0x00000000034ea000 	/usr/lib/system/libcommonCrypto.dylib
0x00000000034ea000 	/usr/lib/system/libcompiler_rt.dylib
0x00000000034ea000 	/usr/lib/system/libcopyfile.dylib
0x00000000034ea000 	/usr/lib/system/libcorecrypto.dylib
0x00000000034ea000 	/usr/lib/system/libdispatch.dylib
0x00000000034ea000 	/usr/lib/system/libdyld.dylib
0x00000000034ea000 	/usr/lib/system/libkeymgr.dylib
0x00000000034ea000 	/usr/lib/system/liblaunch.dylib
0x00000000034ea000 	/usr/lib/system/libmacho.dylib
0x00000000034ea000 	/usr/lib/system/libquarantine.dylib
0x00000000034ea000 	/usr/lib/system/libremovefile.dylib
0x00000000034ea000 	/usr/lib/system/libsystem_asl.dylib
0x00000000034ea000 	/usr/lib/system/libsystem_blocks.dylib
0x00000000034ea000 	/usr/lib/system/libsystem_c.dylib
0x00000000034ea000 	/usr/lib/system/libsystem_configuration.dylib
0x00000000034ea000 	/usr/lib/system/libsystem_coreservices.dylib
0x00000000034ea000 	/usr/lib/system/libsystem_coretls.dylib
0x00000000034ea000 	/usr/lib/system/libsystem_dnssd.dylib
0x00000000034ea000 	/usr/lib/system/libsystem_info.dylib
0x00000000034ea000 	/usr/lib/system/libsystem_kernel.dylib
0x00000000034ea000 	/usr/lib/system/libsystem_m.dylib
0x00000000034ea000 	/usr/lib/system/libsystem_malloc.dylib
0x00000000034ea000 	/usr/lib/system/libsystem_network.dylib
0x00000000034ea000 	/usr/lib/system/libsystem_networkextension.dylib
0x00000000034ea000 	/usr/lib/system/libsystem_notify.dylib
0x00000000034ea000 	/usr/lib/system/libsystem_platform.dylib
0x00000000034ea000 	/usr/lib/system/libsystem_pthread.dylib
0x00000000034ea000 	/usr/lib/system/libsystem_sandbox.dylib
0x00000000034ea000 	/usr/lib/system/libsystem_secinit.dylib
0x00000000034ea000 	/usr/lib/system/libsystem_trace.dylib
0x00000000034ea000 	/usr/lib/system/libunc.dylib
0x00000000034ea000 	/usr/lib/system/libunwind.dylib
0x00000000034ea000 	/usr/lib/system/libxpc.dylib
0x00000000034ea000 	/usr/lib/libenergytrace.dylib
0x00000000034ea000 	/usr/lib/libbsm.0.dylib
0x00000000034ea000 	/usr/lib/system/libkxld.dylib
0x00000000034ea000 	/usr/lib/libxar.1.dylib
0x00000000034ea000 	/usr/lib/libsqlite3.dylib
0x00000000034ea000 	/usr/lib/libpam.2.dylib
0x00000000034ea000 	/usr/lib/libOpenScriptingUtil.dylib
0x00000000034ea000 	/usr/lib/libbz2.1.0.dylib
0x00000000034ea000 	/usr/lib/liblzma.5.dylib
0x00000000034ea000 	/System/Library/Frameworks/CoreServices.framework/Versions/A/Frameworks/FSEvents.framework/Versions/A/FSEvents
0x00000000034ea000 	/System/Library/Frameworks/CoreServices.framework/Versions/A/Frameworks/CarbonCore.framework/Versions/A/CarbonCore
0x00000000034ea000 	/System/Library/Frameworks/CoreServices.framework/Versions/A/Frameworks/Metadata.framework/Versions/A/Metadata
0x00000000034ea000 	/System/Library/Frameworks/CoreServices.framework/Versions/A/Frameworks/OSServices.framework/Versions/A/OSServices
0x00000000034ea000 	/System/Library/Frameworks/CoreServices.framework/Versions/A/Frameworks/SearchKit.framework/Versions/A/SearchKit
0x00000000034ea000 	/System/Library/Frameworks/CoreServices.framework/Versions/A/Frameworks/AE.framework/Versions/A/AE
0x00000000034ea000 	/System/Library/Frameworks/CoreServices.framework/Versions/A/Frameworks/LaunchServices.framework/Versions/A/LaunchServices
0x00000000034ea000 	/System/Library/Frameworks/CoreServices.framework/Versions/A/Frameworks/DictionaryServices.framework/Versions/A/DictionaryServices
0x00000000034ea000 	/System/Library/Frameworks/CoreServices.framework/Versions/A/Frameworks/SharedFileList.framework/Versions/A/SharedFileList
0x00000000034ea000 	/System/Library/Frameworks/NetFS.framework/Versions/A/NetFS
0x00000000034ea000 	/System/Library/PrivateFrameworks/NetAuth.framework/Versions/A/NetAuth
0x00000000034ea000 	/System/Library/PrivateFrameworks/login.framework/Versions/A/Frameworks/loginsupport.framework/Versions/A/loginsupport
0x00000000034ea000 	/System/Library/PrivateFrameworks/TCC.framework/Versions/A/TCC
0x00000000034ea000 	/usr/lib/libmecabra.dylib
0x00000000034ea000 	/System/Library/Frameworks/ApplicationServices.framework/Versions/A/Frameworks/ATS.framework/Versions/A/ATS
0x00000000034ea000 	/System/Library/Frameworks/ApplicationServices.framework/Versions/A/Frameworks/ColorSync.framework/Versions/A/ColorSync
0x00000000034ea000 	/System/Library/Frameworks/ApplicationServices.framework/Versions/A/Frameworks/HIServices.framework/Versions/A/HIServices
0x00000000034ea000 	/System/Library/Frameworks/ApplicationServices.framework/Versions/A/Frameworks/LangAnalysis.framework/Versions/A/LangAnalysis
0x00000000034ea000 	/System/Library/Frameworks/ApplicationServices.framework/Versions/A/Frameworks/PrintCore.framework/Versions/A/PrintCore
0x00000000034ea000 	/System/Library/Frameworks/ApplicationServices.framework/Versions/A/Frameworks/QD.framework/Versions/A/QD
0x00000000034ea000 	/System/Library/Frameworks/ApplicationServices.framework/Versions/A/Frameworks/SpeechSynthesis.framework/Versions/A/SpeechSynthesis
0x00000000034ea000 	/System/Library/Frameworks/Metal.framework/Versions/A/Metal
0x00000000034ea000 	/System/Library/Frameworks/Accelerate.framework/Versions/A/Frameworks/vImage.framework/Versions/A/vImage
0x00000000034ea000 	/System/Library/Frameworks/Accelerate.framework/Versions/A/Frameworks/vecLib.framework/Versions/A/vecLib
0x00000000034ea000 	/System/Library/Frameworks/Accelerate.framework/Versions/A/Frameworks/vecLib.framework/Versions/A/libvDSP.dylib
0x00000000034ea000 	/System/Library/Frameworks/Accelerate.framework/Versions/A/Frameworks/vecLib.framework/Versions/A/libvMisc.dylib
0x00000000034ea000 	/System/Library/Frameworks/Accelerate.framework/Versions/A/Frameworks/vecLib.framework/Versions/A/libLAPACK.dylib
0x00000000034ea000 	/System/Library/Frameworks/Accelerate.framework/Versions/A/Frameworks/vecLib.framework/Versions/A/libBLAS.dylib
0x00000000034ea000 	/System/Library/Frameworks/Accelerate.framework/Versions/A/Frameworks/vecLib.framework/Versions/A/libLinearAlgebra.dylib
0x00000000034ea000 	/System/Library/Frameworks/Accelerate.framework/Versions/A/Frameworks/vecLib.framework/Versions/A/libSparseBLAS.dylib
0x00000000034ea000 	/System/Library/PrivateFrameworks/GPUCompiler.framework/libmetal_timestamp.dylib
0x00000000034ea000 	/System/Library/Frameworks/OpenGL.framework/Versions/A/Libraries/libCoreFSCache.dylib
0x00000000034ea000 	/System/Library/PrivateFrameworks/IOAccelerator.framework/Versions/A/IOAccelerator
0x00000000034ea000 	/System/Library/Frameworks/ApplicationServices.framework/Versions/A/Frameworks/ATS.framework/Versions/A/Resources/libFontParser.dylib
0x00000000034ea000 	/System/Library/Frameworks/ApplicationServices.framework/Versions/A/Frameworks/ATS.framework/Versions/A/Resources/libFontRegistry.dylib
0x00000000034ea000 	/System/Library/PrivateFrameworks/AppleVPA.framework/Versions/A/AppleVPA
0x00000000034ea000 	/System/Library/PrivateFrameworks/AppleJPEG.framework/Versions/A/AppleJPEG
0x00000000034ea000 	/System/Library/Frameworks/ImageIO.framework/Versions/A/Resources/libJPEG.dylib
0x00000000034ea000 	/System/Library/Frameworks/ImageIO.framework/Versions/A/Resources/libTIFF.dylib
0x00000000034ea000 	/System/Library/Frameworks/ImageIO.framework/Versions/A/Resources/libPng.dylib
0x00000000034ea000 	/System/Library/Frameworks/ImageIO.framework/Versions/A/Resources/libGIF.dylib
0x00000000034ea000 	/System/Library/Frameworks/ImageIO.framework/Versions/A/Resources/libJP2.dylib
0x00000000034ea000 	/System/Library/Frameworks/ImageIO.framework/Versions/A/Resources/libRadiance.dylib
0x00000000034ea000 	/System/Library/Frameworks/CoreVideo.framework/Versions/A/CoreVideo
0x00000000034ea000 	/System/Library/Frameworks/OpenGL.framework/Versions/A/Libraries/libGLU.dylib
0x00000000034ea000 	/System/Library/Frameworks/OpenGL.framework/Versions/A/Libraries/libGFXShared.dylib
0x00000000034ea000 	/System/Library/Frameworks/OpenGL.framework/Versions/A/Libraries/libGL.dylib
0x00000000034ea000 	/System/Library/Frameworks/OpenGL.framework/Versions/A/Libraries/libGLImage.dylib
0x00000000034ea000 	/System/Library/Frameworks/OpenGL.framework/Versions/A/Libraries/libCVMSPluginSupport.dylib
0x00000000034ea000 	/System/Library/Frameworks/OpenGL.framework/Versions/A/Libraries/libCoreVMClient.dylib
0x00000000034ea000 	/usr/lib/libcompression.dylib
0x00000000034ea000 	/usr/lib/libcups.2.dylib
0x00000000034ea000 	/System/Library/Frameworks/Kerberos.framework/Versions/A/Kerberos
0x00000000034ea000 	/System/Library/Frameworks/GSS.framework/Versions/A/GSS
0x00000000034ea000 	/usr/lib/libresolv.9.dylib
0x00000000034ea000 	/usr/lib/libiconv.2.dylib
0x00000000034ea000 	/System/Library/PrivateFrameworks/Heimdal.framework/Versions/A/Heimdal
0x00000000034ea000 	/usr/lib/libheimdal-asn1.dylib
0x00000000034ea000 	/System/Library/Frameworks/OpenDirectory.framework/Versions/A/OpenDirectory
0x00000000034ea000 	/System/Library/PrivateFrameworks/CommonAuth.framework/Versions/A/CommonAuth
0x00000000034ea000 	/System/Library/Frameworks/OpenDirectory.framework/Versions/A/Frameworks/CFOpenDirectory.framework/Versions/A/CFOpenDirectory
0x00000000034ea000 	/System/Library/Frameworks/SecurityFoundation.framework/Versions/A/SecurityFoundation
0x00000000034ea000 	/System/Library/PrivateFrameworks/LanguageModeling.framework/Versions/A/LanguageModeling
0x00000000034ea000 	/usr/lib/libmarisa.dylib
0x00000000034ea000 	/usr/lib/libChineseTokenizer.dylib
0x00000000034ea000 	/usr/lib/libcmph.dylib
0x00000000034ea000 	/System/Library/Frameworks/ServiceManagement.framework/Versions/A/ServiceManagement
0x00000000034ea000 	/usr/lib/libxslt.1.dylib
0x00000000034ea000 	/System/Library/Frameworks/Carbon.framework/Versions/A/Frameworks/Ink.framework/Versions/A/Ink
0x00000000034ea000 	/usr/lib/libFosl_dynamic.dylib
0x00000000034ea000 	/System/Library/PrivateFrameworks/FaceCore.framework/Versions/A/FaceCore
0x00000000034ea000 	/System/Library/Frameworks/OpenCL.framework/Versions/A/OpenCL
0x00000000034ea000 	/System/Library/PrivateFrameworks/CrashReporterSupport.framework/Versions/A/CrashReporterSupport
0x00000000034ea000 	/System/Library/PrivateFrameworks/IconServices.framework/Versions/A/IconServices
0x00000000034ea000 	/System/Library/PrivateFrameworks/Apple80211.framework/Versions/A/Apple80211
0x00000000034ea000 	/System/Library/Frameworks/CoreWLAN.framework/Versions/A/CoreWLAN
0x00000000034ea000 	/System/Library/Frameworks/IOBluetooth.framework/Versions/A/IOBluetooth
0x00000000034ea000 	/System/Library/PrivateFrameworks/CoreWiFi.framework/Versions/A/CoreWiFi
0x00000000034ea000 	/System/Library/Frameworks/CoreBluetooth.framework/Versions/A/CoreBluetooth
0x00000000034ea000 	/System/Library/PrivateFrameworks/ChunkingLibrary.framework/Versions/A/ChunkingLibrary
0x00000000034ea000 	/System/Library/PrivateFrameworks/DebugSymbols.framework/Versions/A/DebugSymbols
0x00000000034ea000 	/System/Library/PrivateFrameworks/CoreSymbolication.framework/Versions/A/CoreSymbolication
0x00000000034ea000 	/System/Library/PrivateFrameworks/Symbolication.framework/Versions/A/Symbolication
0x00000000034ea000 	/System/Library/PrivateFrameworks/SpeechRecognitionCore.framework/Versions/A/SpeechRecognitionCore
0x0000000104947000 	/Applications/Android Studio.app/Contents/jre/jdk/Contents/Home/jre/lib/server/libjvm.dylib
0x00000000034ea000 	/usr/lib/libstdc++.6.dylib
0x000000010543d000 	/Applications/Android Studio.app/Contents/jre/jdk/Contents/Home/jre/lib/libverify.dylib
0x000000010544a000 	/Applications/Android Studio.app/Contents/jre/jdk/Contents/Home/jre/lib/libjava.dylib
0x000000010548d000 	/Applications/Android Studio.app/Contents/jre/jdk/Contents/Home/jre/lib/libzip.dylib
0x00000001198fc000 	/System/Library/Frameworks/JavaVM.framework/Frameworks/JavaRuntimeSupport.framework/JavaRuntimeSupport
0x0000000119917000 	/System/Library/Frameworks/JavaVM.framework/Versions/A/Frameworks/JavaNativeFoundation.framework/Versions/A/JavaNativeFoundation
0x000000011992c000 	/System/Library/Frameworks/JavaVM.framework/Versions/A/JavaVM
0x00000000034ea000 	/System/Library/Frameworks/Carbon.framework/Versions/A/Carbon
0x0000000119939000 	/System/Library/PrivateFrameworks/JavaLaunching.framework/Versions/A/JavaLaunching
0x00000000034ea000 	/System/Library/Frameworks/Carbon.framework/Versions/A/Frameworks/CommonPanels.framework/Versions/A/CommonPanels
0x00000000034ea000 	/System/Library/Frameworks/Carbon.framework/Versions/A/Frameworks/Help.framework/Versions/A/Help
0x00000000034ea000 	/System/Library/Frameworks/Carbon.framework/Versions/A/Frameworks/ImageCapture.framework/Versions/A/ImageCapture
0x00000000034ea000 	/System/Library/Frameworks/Carbon.framework/Versions/A/Frameworks/OpenScripting.framework/Versions/A/OpenScripting
0x00000000034ea000 	/System/Library/Frameworks/Carbon.framework/Versions/A/Frameworks/Print.framework/Versions/A/Print
0x00000000034ea000 	/System/Library/Frameworks/Carbon.framework/Versions/A/Frameworks/SecurityHI.framework/Versions/A/SecurityHI
0x000000011b7eb000 	/Applications/Android Studio.app/Contents/jre/jdk/Contents/Home/jre/lib/libnet.dylib
0x000000011b802000 	/Applications/Android Studio.app/Contents/jre/jdk/Contents/Home/jre/lib/libnio.dylib
0x000000011b812000 	/Users/vjivandro/.gradle/native/23/osx-amd64/libnative-platform.dylib
0x000000011bc09000 	/Applications/Android Studio.app/Contents/jre/jdk/Contents/Home/jre/lib/libmanagement.dylib

VM Arguments:
jvm_args: -Xmx1536m -Dfile.encoding=UTF-8 -Duser.country=US -Duser.language=en -Duser.variant 
java_command: org.gradle.launcher.daemon.bootstrap.GradleDaemon 3.3
java_class_path (initial): /Users/vjivandro/.gradle/wrapper/dists/gradle-3.3-all/55gk2rcmfc6p2dg9u9ohc3hw9/gradle-3.3/lib/gradle-launcher-3.3.jar
Launcher Type: SUN_STANDARD

Environment Variables:
PATH=/usr/bin:/bin:/usr/sbin:/sbin
SHELL=/bin/bash

Signal Handlers:
SIGSEGV: [libjvm.dylib+0x57e9cd], sa_mask[0]=11111111011111110111111111111111, sa_flags=SA_ONSTACK|SA_RESTART|SA_SIGINFO
SIGBUS: [libjvm.dylib+0x57e9cd], sa_mask[0]=11111111011111110111111111111111, sa_flags=SA_RESTART|SA_SIGINFO
SIGFPE: [libjvm.dylib+0x45951c], sa_mask[0]=11111111011111110111111111111111, sa_flags=SA_RESTART|SA_SIGINFO
SIGPIPE: [libjvm.dylib+0x45951c], sa_mask[0]=11111111011111110111111111111111, sa_flags=SA_RESTART|SA_SIGINFO
SIGXFSZ: [libjvm.dylib+0x45951c], sa_mask[0]=11111111011111110111111111111111, sa_flags=SA_RESTART|SA_SIGINFO
SIGILL: [libjvm.dylib+0x45951c], sa_mask[0]=11111111011111110111111111111111, sa_flags=SA_RESTART|SA_SIGINFO
SIGUSR1: SIG_DFL, sa_mask[0]=00000000000000000000000000000000, sa_flags=none
SIGUSR2: [libjvm.dylib+0x45903a], sa_mask[0]=00100000000000000000000000000000, sa_flags=SA_RESTART|SA_SIGINFO
SIGHUP: [libjvm.dylib+0x457611], sa_mask[0]=11111111011111110111111111111111, sa_flags=SA_RESTART|SA_SIGINFO
SIGINT: [libjvm.dylib+0x457611], sa_mask[0]=11111111011111110111111111111111, sa_flags=SA_RESTART|SA_SIGINFO
SIGTERM: [libjvm.dylib+0x457611], sa_mask[0]=11111111011111110111111111111111, sa_flags=SA_RESTART|SA_SIGINFO
SIGQUIT: [libjvm.dylib+0x457611], sa_mask[0]=11111111011111110111111111111111, sa_flags=SA_RESTART|SA_SIGINFO


---------------  S Y S T E M  ---------------

OS:Bsduname:Darwin 15.6.0 Darwin Kernel Version 15.6.0: Sun Jun  4 21:43:07 PDT 2017; root:xnu-3248.70.3~1/RELEASE_X86_64 x86_64
rlimit: STACK 8192k, CORE 0k, NPROC 709, NOFILE 10240, AS infinity
load average:3.86 4.35 3.11

CPU:total 2 (2 cores per cpu, 1 threads per core) family 6 model 23 stepping 10, cmov, cx8, fxsr, mmx, sse, sse2, sse3, ssse3, sse4.1, tsc

Memory: 4k page, physical 8388608k(2666660k free)

/proc/meminfo:


vm_info: OpenJDK 64-Bit Server VM (25.112-b06) for bsd-amd64 JRE (1.8.0_112-release-b06), built on Dec  6 2016 12:18:58 by "builder" with gcc 4.2.1 (Based on Apple Inc. build 5658) (LLVM build 2336.11.00)

time: Tue Oct  3 09:31:41 2017
elapsed time: 9 seconds (0d 0h 0m 9s)

