#
# A fatal error has been detected by the Java Runtime Environment:
#
#  Internal Error (methodData.cpp:1025), pid=669, tid=0x0000000000004203
#  Error: ShouldNotReachHere()
#
# JRE version: OpenJDK Runtime Environment (8.0_112-b06) (build 1.8.0_112-release-b06)
# Java VM: OpenJDK 64-Bit Server VM (25.112-b06 mixed mode bsd-amd64 compressed oops)
# Failed to write core dump. Core dumps have been disabled. To enable core dumping, try "ulimit -c unlimited" before starting Java again
#
# If you would like to submit a bug report, please visit:
#   http://bugreport.java.com/bugreport/crash.jsp
#

---------------  T H R E A D  ---------------

Current thread (0x00007fec8c055800):  JavaThread "C1 CompilerThread1" daemon [_thread_in_vm, id=16899, stack(0x0000700000a38000,0x0000700000b38000)]

Stack: [0x0000700000a38000,0x0000700000b38000],  sp=0x0000700000b36bf0,  free space=1018k
Native frames: (J=compiled Java code, j=interpreted, Vv=VM code, C=native code)
V  [libjvm.dylib+0x57e1be]  VMError::report_and_die()+0x3f8
V  [libjvm.dylib+0x1e2707]  report_vm_error(char const*, int, char const*, char const*)+0x54
V  [libjvm.dylib+0x426279]  DataLayout::data_in()+0x35
V  [libjvm.dylib+0x16f8fd]  MethodData::parameters_type_data() const+0x23
V  [libjvm.dylib+0x16f2bb]  ciMethodData::load_data()+0x12d
V  [libjvm.dylib+0x16b769]  ciMethod::ensure_method_data(methodHandle)+0x137
V  [libjvm.dylib+0x16b8bd]  ciMethod::ensure_method_data()+0x12f
V  [libjvm.dylib+0xf24fe]  GraphBuilder::try_inline_full(ciMethod*, bool, Bytecodes::Code, Instruction*)+0x108
V  [libjvm.dylib+0xf308e]  GraphBuilder::try_inline(ciMethod*, bool, Bytecodes::Code, Instruction*)+0xde
V  [libjvm.dylib+0xf3fe6]  GraphBuilder::invoke(Bytecodes::Code)+0xa5a
V  [libjvm.dylib+0xf6691]  GraphBuilder::iterate_bytecodes_for_block(int)+0x2449
V  [libjvm.dylib+0xf2f5d]  GraphBuilder::iterate_all_blocks(bool)+0x6f
V  [libjvm.dylib+0xf7451]  GraphBuilder::GraphBuilder(Compilation*, IRScope*)+0x2cd
V  [libjvm.dylib+0xfc926]  IRScope::IRScope(Compilation*, IRScope*, int, ciMethod*, int, bool)+0x154
V  [libjvm.dylib+0xfc9d7]  IR::IR(Compilation*, ciMethod*, int)+0x85
V  [libjvm.dylib+0xe723f]  Compilation::build_hir()+0xa7
V  [libjvm.dylib+0xe73ce]  Compilation::compile_java_method()+0x58
V  [libjvm.dylib+0xe75f7]  Compilation::compile_method()+0x6d
V  [libjvm.dylib+0xe780c]  Compilation::Compilation(AbstractCompiler*, ciEnv*, ciMethod*, int, BufferBlob*)+0x1a2
V  [libjvm.dylib+0xe7f8e]  Compiler::compile_method(ciEnv*, ciMethod*, int)+0x90
V  [libjvm.dylib+0x1b19fe]  CompileBroker::invoke_compiler_on_method(CompileTask*)+0x5b2
V  [libjvm.dylib+0x1b3f45]  CompileBroker::compiler_thread_loop()+0x291
V  [libjvm.dylib+0x53912d]  JavaThread::thread_main_inner()+0x9b
V  [libjvm.dylib+0x53a7e4]  JavaThread::run()+0x1c0
V  [libjvm.dylib+0x45bf0a]  java_start(Thread*)+0xf6
C  [libsystem_pthread.dylib+0x399d]  _pthread_body+0x83
C  [libsystem_pthread.dylib+0x391a]  _pthread_body+0x0
C  [libsystem_pthread.dylib+0x1351]  thread_start+0xd
C  0x0000000000000000


Current CompileTask:
C1:9416758 25684   !   3       com.sun.org.apache.xerces.internal.parsers.XML11Configuration::<init> (1045 bytes)


---------------  P R O C E S S  ---------------

Java Threads: ( => current thread )
  0x00007fec8dd90000 JavaThread "Stdin handler" [_thread_blocked, id=23131, stack(0x0000700001353000,0x0000700001453000)]
  0x00007fec8f781800 JavaThread "Asynchronous log dispatcher for DefaultDaemonConnection: socket connection from /127.0.0.1:50505 to /127.0.0.1:60534" [_thread_blocked, id=28599, stack(0x0000700001250000,0x0000700001350000)]
  0x00007fec8f35a800 JavaThread "Daemon worker Thread 23" [_thread_in_native, id=24911, stack(0x000070000114d000,0x000070000124d000)]
  0x00007fec8c536800 JavaThread "Cancel handler" [_thread_blocked, id=20831, stack(0x0000700000f47000,0x0000700001047000)]
  0x00007fec8c5cd000 JavaThread "Handler for socket connection from /127.0.0.1:50505 to /127.0.0.1:60534" [_thread_in_native, id=34899, stack(0x0000700000e44000,0x0000700000f44000)]
  0x00007fec8d9e6800 JavaThread "Daemon Thread 23" [_thread_blocked, id=30283, stack(0x000070000072c000,0x000070000082c000)]
  0x00007fec8f181800 JavaThread "pool-9-thread-4" [_thread_blocked, id=26651, stack(0x0000700001c6e000,0x0000700001d6e000)]
  0x00007fec8c7d5800 JavaThread "pool-9-thread-3" [_thread_blocked, id=19487, stack(0x0000700001b6b000,0x0000700001c6b000)]
  0x00007fec8f527800 JavaThread "pool-9-thread-2" [_thread_blocked, id=29459, stack(0x0000700001a68000,0x0000700001b68000)]
  0x00007fec8f605800 JavaThread "pool-9-thread-1" [_thread_blocked, id=30739, stack(0x0000700001965000,0x0000700001a65000)]
  0x00007fec8dd8d800 JavaThread "pool-2-thread-1" [_thread_blocked, id=21775, stack(0x0000700001559000,0x0000700001659000)]
  0x00007fec8d0e8800 JavaThread "File lock request listener" [_thread_in_native, id=22023, stack(0x0000700001456000,0x0000700001556000)]
  0x00007fec8c2a0000 JavaThread "pool-1-thread-1" [_thread_blocked, id=18951, stack(0x000070000104a000,0x000070000114a000)]
  0x00007fec8c311800 JavaThread "Incoming local TCP Connector on port 50505" [_thread_in_native, id=18435, stack(0x0000700000d41000,0x0000700000e41000)]
  0x00007fec8c836800 JavaThread "Service Thread" daemon [_thread_blocked, id=17411, stack(0x0000700000b3b000,0x0000700000c3b000)]
=>0x00007fec8c055800 JavaThread "C1 CompilerThread1" daemon [_thread_in_vm, id=16899, stack(0x0000700000a38000,0x0000700000b38000)]
  0x00007fec8c836000 JavaThread "C2 CompilerThread0" daemon [_thread_in_native, id=16387, stack(0x0000700000935000,0x0000700000a35000)]
  0x00007fec8c03c800 JavaThread "Signal Dispatcher" daemon [_thread_blocked, id=15875, stack(0x0000700000832000,0x0000700000932000)]
  0x00007fec8c827800 JavaThread "Finalizer" daemon [_thread_blocked, id=11267, stack(0x0000700000629000,0x0000700000729000)]
  0x00007fec8c04c800 JavaThread "Reference Handler" daemon [_thread_blocked, id=10755, stack(0x0000700000526000,0x0000700000626000)]
  0x00007fec8c007000 JavaThread "main" [_thread_blocked, id=4099, stack(0x0000700000084000,0x0000700000184000)]

Other Threads:
  0x00007fec8c825000 VMThread [stack: 0x0000700000423000,0x0000700000523000] [id=10243]
  0x00007fec8c03d000 WatcherThread [stack: 0x0000700000c3e000,0x0000700000d3e000] [id=17923]

VM state:not at safepoint (normal execution)

VM Mutex/Monitor currently owned by a thread: None

Heap:
 PSYoungGen      total 452608K, used 217119K [0x00000007a0000000, 0x00000007c0000000, 0x00000007c0000000)
  eden space 384000K, 54% used [0x00000007a0000000,0x00000007acb4ced0,0x00000007b7700000)
  from space 68608K, 13% used [0x00000007bb780000,0x00000007bc03ae10,0x00000007bfa80000)
  to   space 66048K, 0% used [0x00000007b7700000,0x00000007b7700000,0x00000007bb780000)
 ParOldGen       total 637952K, used 546042K [0x0000000760000000, 0x0000000786f00000, 0x00000007a0000000)
  object space 637952K, 85% used [0x0000000760000000,0x000000078153eb58,0x0000000786f00000)
 Metaspace       used 77762K, capacity 83562K, committed 83840K, reserved 1122304K
  class space    used 9698K, capacity 10446K, committed 10624K, reserved 1048576K

Card table byte_map: [0x000000011a9c0000,0x000000011acc1000] byte_map_base: 0x0000000116ec0000

Marking Bits: (ParMarkBitMap*) 0x000000010af0bed0
 Begin Bits: [0x000000011aec1000, 0x000000011c6c1000)
 End Bits:   [0x000000011c6c1000, 0x000000011dec1000)

Polling page: 0x000000010b1b8000

CodeCache: size=245760Kb used=61119Kb max_used=61541Kb free=184640Kb
 bounds [0x000000010b600000, 0x000000010f2a0000, 0x000000011a600000]
 total_blobs=19081 nmethods=18281 adapters=713
 compilation: enabled

Compilation events (10 events):
Event: 9416.435 Thread 0x00007fec8c055800 nmethod 25676 0x000000010dc70190 code [0x000000010dc70320, 0x000000010dc70678]
Event: 9416.493 Thread 0x00007fec8c055800 25679       3       org.gradle.cache.internal.DefaultCacheScopeMapping::getBaseDirectory (180 bytes)
Event: 9416.497 Thread 0x00007fec8c055800 nmethod 25679 0x000000010e427fd0 code [0x000000010e428440, 0x000000010e42b208]
Event: 9416.499 Thread 0x00007fec8c055800 25682       3       java.util.concurrent.atomic.AtomicLong::<init> (5 bytes)
Event: 9416.500 Thread 0x00007fec8c055800 nmethod 25682 0x000000010caa2490 code [0x000000010caa2600, 0x000000010caa2810]
Event: 9416.505 Thread 0x00007fec8c055800 25680       3       org.gradle.cache.internal.DefaultCacheScopeMapping::getRootDirectory (110 bytes)
Event: 9416.507 Thread 0x00007fec8c055800 nmethod 25680 0x000000010ca20b90 code [0x000000010ca20ee0, 0x000000010ca230a8]
Event: 9416.510 Thread 0x00007fec8c055800 25681       3       org.gradle.cache.internal.DefaultCacheScopeMapping::getCacheDir (92 bytes)
Event: 9416.516 Thread 0x00007fec8c055800 nmethod 25681 0x000000010c8bd350 code [0x000000010c8bd580, 0x000000010c8be0e8]
Event: 9416.612 Thread 0x00007fec8c055800 25684   !   3       com.sun.org.apache.xerces.internal.parsers.XML11Configuration::<init> (1045 bytes)

GC Heap History (10 events):
Event: 9029.429 GC heap before
{Heap before GC invocations=82 (full 6):
 PSYoungGen      total 441344K, used 358314K [0x00000007a0000000, 0x00000007bfa80000, 0x00000007c0000000)
  eden space 372224K, 94% used [0x00000007a0000000,0x00000007b586a7e0,0x00000007b6b80000)
  from space 69120K, 8% used [0x00000007b6b80000,0x00000007b7100020,0x00000007baf00000)
  to   space 67584K, 0% used [0x00000007bb880000,0x00000007bb880000,0x00000007bfa80000)
 ParOldGen       total 637952K, used 480914K [0x0000000760000000, 0x0000000786f00000, 0x00000007a0000000)
  object space 637952K, 75% used [0x0000000760000000,0x000000077d5a4b48,0x0000000786f00000)
 Metaspace       used 77565K, capacity 83294K, committed 83584K, reserved 1122304K
  class space    used 9673K, capacity 10422K, committed 10624K, reserved 1048576K
Event: 9029.611 GC heap after
Heap after GC invocations=82 (full 6):
 PSYoungGen      total 452608K, used 8648K [0x00000007a0000000, 0x00000007bf980000, 0x00000007c0000000)
  eden space 386048K, 0% used [0x00000007a0000000,0x00000007a0000000,0x00000007b7900000)
  from space 66560K, 12% used [0x00000007bb880000,0x00000007bc0f21c8,0x00000007bf980000)
  to   space 65024K, 0% used [0x00000007b7900000,0x00000007b7900000,0x00000007bb880000)
 ParOldGen       total 637952K, used 545618K [0x0000000760000000, 0x0000000786f00000, 0x00000007a0000000)
  object space 637952K, 85% used [0x0000000760000000,0x00000007814d4b58,0x0000000786f00000)
 Metaspace       used 77565K, capacity 83294K, committed 83584K, reserved 1122304K
  class space    used 9673K, capacity 10422K, committed 10624K, reserved 1048576K
}
Event: 9033.606 GC heap before
{Heap before GC invocations=83 (full 6):
 PSYoungGen      total 452608K, used 366016K [0x00000007a0000000, 0x00000007bf980000, 0x00000007c0000000)
  eden space 386048K, 92% used [0x00000007a0000000,0x00000007b5cfe0a8,0x00000007b7900000)
  from space 66560K, 12% used [0x00000007bb880000,0x00000007bc0f21c8,0x00000007bf980000)
  to   space 65024K, 0% used [0x00000007b7900000,0x00000007b7900000,0x00000007bb880000)
 ParOldGen       total 637952K, used 545618K [0x0000000760000000, 0x0000000786f00000, 0x00000007a0000000)
  object space 637952K, 85% used [0x0000000760000000,0x00000007814d4b58,0x0000000786f00000)
 Metaspace       used 77565K, capacity 83294K, committed 83584K, reserved 1122304K
  class space    used 9673K, capacity 10422K, committed 10624K, reserved 1048576K
Event: 9033.660 GC heap after
Heap after GC invocations=83 (full 6):
 PSYoungGen      total 451072K, used 51907K [0x00000007a0000000, 0x00000007c0000000, 0x00000007c0000000)
  eden space 386048K, 0% used [0x00000007a0000000,0x00000007a0000000,0x00000007b7900000)
  from space 65024K, 79% used [0x00000007b7900000,0x00000007babb0c48,0x00000007bb880000)
  to   space 72704K, 0% used [0x00000007bb900000,0x00000007bb900000,0x00000007c0000000)
 ParOldGen       total 637952K, used 545666K [0x0000000760000000, 0x0000000786f00000, 0x00000007a0000000)
  object space 637952K, 85% used [0x0000000760000000,0x00000007814e0b58,0x0000000786f00000)
 Metaspace       used 77565K, capacity 83294K, committed 83584K, reserved 1122304K
  class space    used 9673K, capacity 10422K, committed 10624K, reserved 1048576K
}
Event: 9193.950 GC heap before
{Heap before GC invocations=84 (full 6):
 PSYoungGen      total 451072K, used 437955K [0x00000007a0000000, 0x00000007c0000000, 0x00000007c0000000)
  eden space 386048K, 100% used [0x00000007a0000000,0x00000007b7900000,0x00000007b7900000)
  from space 65024K, 79% used [0x00000007b7900000,0x00000007babb0c48,0x00000007bb880000)
  to   space 72704K, 0% used [0x00000007bb900000,0x00000007bb900000,0x00000007c0000000)
 ParOldGen       total 637952K, used 545666K [0x0000000760000000, 0x0000000786f00000, 0x00000007a0000000)
  object space 637952K, 85% used [0x0000000760000000,0x00000007814e0b58,0x0000000786f00000)
 Metaspace       used 77687K, capacity 83470K, committed 83840K, reserved 1122304K
  class space    used 9689K, capacity 10438K, committed 10624K, reserved 1048576K
Event: 9193.983 GC heap after
Heap after GC invocations=84 (full 6):
 PSYoungGen      total 454144K, used 8736K [0x00000007a0000000, 0x00000007c0000000, 0x00000007c0000000)
  eden space 381440K, 0% used [0x00000007a0000000,0x00000007a0000000,0x00000007b7480000)
  from space 72704K, 12% used [0x00000007bb900000,0x00000007bc188238,0x00000007c0000000)
  to   space 70144K, 0% used [0x00000007b7480000,0x00000007b7480000,0x00000007bb900000)
 ParOldGen       total 637952K, used 545706K [0x0000000760000000, 0x0000000786f00000, 0x00000007a0000000)
  object space 637952K, 85% used [0x0000000760000000,0x00000007814eab58,0x0000000786f00000)
 Metaspace       used 77687K, capacity 83470K, committed 83840K, reserved 1122304K
  class space    used 9689K, capacity 10438K, committed 10624K, reserved 1048576K
}
Event: 9198.762 GC heap before
{Heap before GC invocations=85 (full 6):
 PSYoungGen      total 454144K, used 351682K [0x00000007a0000000, 0x00000007c0000000, 0x00000007c0000000)
  eden space 381440K, 89% used [0x00000007a0000000,0x00000007b4ee86b8,0x00000007b7480000)
  from space 72704K, 12% used [0x00000007bb900000,0x00000007bc188238,0x00000007c0000000)
  to   space 70144K, 0% used [0x00000007b7480000,0x00000007b7480000,0x00000007bb900000)
 ParOldGen       total 637952K, used 545706K [0x0000000760000000, 0x0000000786f00000, 0x00000007a0000000)
  object space 637952K, 85% used [0x0000000760000000,0x00000007814eab58,0x0000000786f00000)
 Metaspace       used 77711K, capacity 83474K, committed 83840K, reserved 1122304K
  class space    used 9689K, capacity 10438K, committed 10624K, reserved 1048576K
Event: 9198.812 GC heap after
Heap after GC invocations=85 (full 6):
 PSYoungGen      total 412160K, used 30428K [0x00000007a0000000, 0x00000007bfa80000, 0x00000007c0000000)
  eden space 381440K, 0% used [0x00000007a0000000,0x00000007a0000000,0x00000007b7480000)
  from space 30720K, 99% used [0x00000007b7480000,0x00000007b92370d8,0x00000007b9280000)
  to   space 68608K, 0% used [0x00000007bb780000,0x00000007bb780000,0x00000007bfa80000)
 ParOldGen       total 637952K, used 545706K [0x0000000760000000, 0x0000000786f00000, 0x00000007a0000000)
  object space 637952K, 85% used [0x0000000760000000,0x00000007814eab58,0x0000000786f00000)
 Metaspace       used 77711K, capacity 83474K, committed 83840K, reserved 1122304K
  class space    used 9689K, capacity 10438K, committed 10624K, reserved 1048576K
}
Event: 9202.447 GC heap before
{Heap before GC invocations=86 (full 6):
 PSYoungGen      total 412160K, used 410863K [0x00000007a0000000, 0x00000007bfa80000, 0x00000007c0000000)
  eden space 381440K, 99% used [0x00000007a0000000,0x00000007b7384c00,0x00000007b7480000)
  from space 30720K, 99% used [0x00000007b7480000,0x00000007b92370d8,0x00000007b9280000)
  to   space 68608K, 0% used [0x00000007bb780000,0x00000007bb780000,0x00000007bfa80000)
 ParOldGen       total 637952K, used 545706K [0x0000000760000000, 0x0000000786f00000, 0x00000007a0000000)
  object space 637952K, 85% used [0x0000000760000000,0x00000007814eab58,0x0000000786f00000)
 Metaspace       used 77711K, capacity 83474K, committed 83840K, reserved 1122304K
  class space    used 9689K, capacity 10438K, committed 10624K, reserved 1048576K
Event: 9202.497 GC heap after
Heap after GC invocations=86 (full 6):
 PSYoungGen      total 452608K, used 8939K [0x00000007a0000000, 0x00000007c0000000, 0x00000007c0000000)
  eden space 384000K, 0% used [0x00000007a0000000,0x00000007a0000000,0x00000007b7700000)
  from space 68608K, 13% used [0x00000007bb780000,0x00000007bc03ae10,0x00000007bfa80000)
  to   space 66048K, 0% used [0x00000007b7700000,0x00000007b7700000,0x00000007bb780000)
 ParOldGen       total 637952K, used 546042K [0x0000000760000000, 0x0000000786f00000, 0x00000007a0000000)
  object space 637952K, 85% used [0x0000000760000000,0x000000078153eb58,0x0000000786f00000)
 Metaspace       used 77711K, capacity 83474K, committed 83840K, reserved 1122304K
  class space    used 9689K, capacity 10438K, committed 10624K, reserved 1048576K
}

Deoptimization events (10 events):
Event: 9024.735 Thread 0x00007fec8dd90000 Uncommon trap: reason=class_check action=maybe_recompile pc=0x000000010e8df1f8 method=com.sun.tools.javac.comp.Attr.check(Lcom/sun/tools/javac/tree/JCTree;Lcom/sun/tools/javac/code/Type;ILcom/sun/tools/javac/comp/Attr$ResultInfo;)Lcom/sun/tools/javac/code
Event: 9025.912 Thread 0x00007fec8f605800 Uncommon trap: reason=unstable_if action=reinterpret pc=0x000000010eeff4bc method=com.android.dx.rop.code.LocalVariableInfo.mergeStarts(ILcom/android/dx/rop/code/RegisterSpecSet;)Z @ 56
Event: 9026.564 Thread 0x00007fec8f527800 Uncommon trap: reason=unstable_if action=reinterpret pc=0x000000010e17a138 method=java.util.ComparableTimSort.mergeLo(IIII)V @ 350
Event: 9027.056 Thread 0x00007fec8dd90000 Uncommon trap: reason=speculate_class_check action=maybe_recompile pc=0x000000010e354ce8 method=java.nio.charset.CharsetDecoder.reset()Ljava/nio/charset/CharsetDecoder; @ 1
Event: 9037.366 Thread 0x00007fec8dd90000 Uncommon trap: reason=speculate_class_check action=maybe_recompile pc=0x000000010e354ce8 method=java.nio.charset.CharsetDecoder.reset()Ljava/nio/charset/CharsetDecoder; @ 1
Event: 9195.888 Thread 0x00007fec8e3f0000 Uncommon trap: reason=unstable_if action=reinterpret pc=0x000000010d0a07bc method=com.sun.tools.javac.tree.TreeScanner.scan(Lcom/sun/tools/javac/util/List;)V @ 1
Event: 9196.524 Thread 0x00007fec8c1d1000 Uncommon trap: reason=class_check action=maybe_recompile pc=0x000000010f1831c4 method=com.android.dx.cf.code.BaseMachine.getLocalTarget(Z)Lcom/android/dx/rop/code/RegisterSpec; @ 70
Event: 9196.527 Thread 0x00007fec8c1d1000 Uncommon trap: reason=class_check action=maybe_recompile pc=0x000000010f1831c4 method=com.android.dx.cf.code.BaseMachine.getLocalTarget(Z)Lcom/android/dx/rop/code/RegisterSpec; @ 70
Event: 9196.565 Thread 0x00007fec8f6fa800 Uncommon trap: reason=class_check action=maybe_recompile pc=0x000000010f1831c4 method=com.android.dx.cf.code.BaseMachine.getLocalTarget(Z)Lcom/android/dx/rop/code/RegisterSpec; @ 70
Event: 9196.573 Thread 0x00007fec8c0e4000 Uncommon trap: reason=class_check action=maybe_recompile pc=0x000000010f1831c4 method=com.android.dx.cf.code.BaseMachine.getLocalTarget(Z)Lcom/android/dx/rop/code/RegisterSpec; @ 70

Internal exceptions (10 events):
Event: 9193.664 Thread 0x00007fec8e3f0000 Exception <a 'sun/nio/fs/UnixException'> (0x00000007b6c469b0) thrown at [/Volumes/Android_AOSP/AOSP-openjdk/external/jetbrains/jdk/hotspot/src/share/vm/prims/jni.cpp, line 709]
Event: 9193.664 Thread 0x00007fec8e3f0000 Exception <a 'sun/nio/fs/UnixException'> (0x00000007b6c49190) thrown at [/Volumes/Android_AOSP/AOSP-openjdk/external/jetbrains/jdk/hotspot/src/share/vm/prims/jni.cpp, line 709]
Event: 9193.664 Thread 0x00007fec8e3f0000 Exception <a 'sun/nio/fs/UnixException'> (0x00000007b6c4a510) thrown at [/Volumes/Android_AOSP/AOSP-openjdk/external/jetbrains/jdk/hotspot/src/share/vm/prims/jni.cpp, line 709]
Event: 9193.676 Thread 0x00007fec8e3f0000 Exception <a 'sun/nio/fs/UnixException'> (0x00000007b6c4c388) thrown at [/Volumes/Android_AOSP/AOSP-openjdk/external/jetbrains/jdk/hotspot/src/share/vm/prims/jni.cpp, line 709]
Event: 9193.676 Thread 0x00007fec8e3f0000 Exception <a 'sun/nio/fs/UnixException'> (0x00000007b6c4d700) thrown at [/Volumes/Android_AOSP/AOSP-openjdk/external/jetbrains/jdk/hotspot/src/share/vm/prims/jni.cpp, line 709]
Event: 9193.677 Thread 0x00007fec8e3f0000 Exception <a 'sun/nio/fs/UnixException'> (0x00000007b6c4fe00) thrown at [/Volumes/Android_AOSP/AOSP-openjdk/external/jetbrains/jdk/hotspot/src/share/vm/prims/jni.cpp, line 709]
Event: 9193.677 Thread 0x00007fec8e3f0000 Exception <a 'sun/nio/fs/UnixException'> (0x00000007b6c51180) thrown at [/Volumes/Android_AOSP/AOSP-openjdk/external/jetbrains/jdk/hotspot/src/share/vm/prims/jni.cpp, line 709]
Event: 9206.715 Thread 0x00007fec8e3f0000 Exception <a 'sun/nio/fs/UnixException'> (0x00000007ab6abea0) thrown at [/Volumes/Android_AOSP/AOSP-openjdk/external/jetbrains/jdk/hotspot/src/share/vm/prims/jni.cpp, line 709]
Event: 9416.380 Thread 0x00007fec8f35a800 Exception <a 'java/lang/ClassNotFoundException': asLocalRepo1068_dvzdbs9dp7yz1pocs0nu83z0jBeanInfo> (0x00000007ac5b1f90) thrown at [/Volumes/Android_AOSP/AOSP-openjdk/external/jetbrains/jdk/hotspot/src/share/vm/classfile/systemDictionary.cpp, line 210]
Event: 9416.380 Thread 0x00007fec8f35a800 Exception <a 'java/lang/ClassNotFoundException': asLocalRepo1068_dvzdbs9dp7yz1pocs0nu83z0jCustomizer> (0x00000007ac5bdbf0) thrown at [/Volumes/Android_AOSP/AOSP-openjdk/external/jetbrains/jdk/hotspot/src/share/vm/classfile/systemDictionary.cpp, line 210]

Events (10 events):
Event: 9416.446 loading class org/codehaus/groovy/runtime/GroovyCategorySupport$CategoryMethodList
Event: 9416.446 loading class org/codehaus/groovy/runtime/GroovyCategorySupport$CategoryMethodList done
Event: 9416.487 Executing VM operation: Deoptimize
Event: 9416.491 Executing VM operation: Deoptimize done
Event: 9416.500 Thread 0x00007fec8c055800 flushing nmethod 0x000000010b922090
Event: 9416.503 Thread 0x00007fec8c055800 flushing nmethod 0x000000010b9ff450
Event: 9416.508 Thread 0x00007fec8c055800 flushing nmethod 0x000000010bcfe890
Event: 9416.509 Thread 0x00007fec8c055800 flushing nmethod 0x000000010bd2aa90
Event: 9416.517 Thread 0x00007fec8c055800 flushing nmethod 0x000000010beefa10
Event: 9416.518 Thread 0x00007fec8c055800 flushing nmethod 0x000000010bf4de10


Dynamic libraries:
0x000000000252a000 	/System/Library/Frameworks/Cocoa.framework/Versions/A/Cocoa
0x000000000252a000 	/System/Library/Frameworks/Security.framework/Versions/A/Security
0x000000000252a000 	/System/Library/Frameworks/ApplicationServices.framework/Versions/A/ApplicationServices
0x000000000252a000 	/usr/lib/libz.1.dylib
0x000000000252a000 	/usr/lib/libSystem.B.dylib
0x000000000252a000 	/usr/lib/libobjc.A.dylib
0x000000000252a000 	/System/Library/Frameworks/Foundation.framework/Versions/C/Foundation
0x000000000252a000 	/System/Library/Frameworks/CoreFoundation.framework/Versions/A/CoreFoundation
0x000000000252a000 	/System/Library/Frameworks/AppKit.framework/Versions/C/AppKit
0x000000000252a000 	/System/Library/Frameworks/CoreData.framework/Versions/A/CoreData
0x000000000252a000 	/System/Library/PrivateFrameworks/RemoteViewServices.framework/Versions/A/RemoteViewServices
0x000000000252a000 	/System/Library/PrivateFrameworks/UIFoundation.framework/Versions/A/UIFoundation
0x000000000252a000 	/usr/lib/libScreenReader.dylib
0x000000000252a000 	/System/Library/Frameworks/Accelerate.framework/Versions/A/Accelerate
0x000000000252a000 	/System/Library/Frameworks/IOSurface.framework/Versions/A/IOSurface
0x000000000252a000 	/System/Library/Frameworks/AudioToolbox.framework/Versions/A/AudioToolbox
0x000000000252a000 	/System/Library/Frameworks/AudioUnit.framework/Versions/A/AudioUnit
0x000000000252a000 	/System/Library/PrivateFrameworks/DataDetectorsCore.framework/Versions/A/DataDetectorsCore
0x000000000252a000 	/System/Library/PrivateFrameworks/DesktopServicesPriv.framework/Versions/A/DesktopServicesPriv
0x000000000252a000 	/System/Library/Frameworks/Carbon.framework/Versions/A/Frameworks/HIToolbox.framework/Versions/A/HIToolbox
0x000000000252a000 	/System/Library/Frameworks/QuartzCore.framework/Versions/A/QuartzCore
0x000000000252a000 	/System/Library/Frameworks/Carbon.framework/Versions/A/Frameworks/SpeechRecognition.framework/Versions/A/SpeechRecognition
0x000000000252a000 	/usr/lib/libauto.dylib
0x000000000252a000 	/usr/lib/libicucore.A.dylib
0x000000000252a000 	/usr/lib/libxml2.2.dylib
0x000000000252a000 	/System/Library/PrivateFrameworks/CoreUI.framework/Versions/A/CoreUI
0x000000000252a000 	/System/Library/Frameworks/CoreAudio.framework/Versions/A/CoreAudio
0x000000000252a000 	/System/Library/Frameworks/DiskArbitration.framework/Versions/A/DiskArbitration
0x000000000252a000 	/usr/lib/liblangid.dylib
0x000000000252a000 	/System/Library/PrivateFrameworks/MultitouchSupport.framework/Versions/A/MultitouchSupport
0x000000000252a000 	/System/Library/Frameworks/IOKit.framework/Versions/A/IOKit
0x000000000252a000 	/usr/lib/libDiagnosticMessagesClient.dylib
0x000000000252a000 	/System/Library/Frameworks/CoreServices.framework/Versions/A/CoreServices
0x000000000252a000 	/System/Library/PrivateFrameworks/PerformanceAnalysis.framework/Versions/A/PerformanceAnalysis
0x000000000252a000 	/System/Library/PrivateFrameworks/GenerationalStorage.framework/Versions/A/GenerationalStorage
0x000000000252a000 	/System/Library/Frameworks/OpenGL.framework/Versions/A/OpenGL
0x000000000252a000 	/System/Library/PrivateFrameworks/Sharing.framework/Versions/A/Sharing
0x000000000252a000 	/System/Library/Frameworks/CoreGraphics.framework/Versions/A/CoreGraphics
0x000000000252a000 	/System/Library/Frameworks/CoreImage.framework/Versions/A/CoreImage
0x000000000252a000 	/System/Library/Frameworks/CoreText.framework/Versions/A/CoreText
0x000000000252a000 	/System/Library/Frameworks/ImageIO.framework/Versions/A/ImageIO
0x000000000252a000 	/System/Library/PrivateFrameworks/Backup.framework/Versions/A/Backup
0x000000000252a000 	/usr/lib/libextension.dylib
0x000000000252a000 	/usr/lib/libarchive.2.dylib
0x000000000252a000 	/System/Library/Frameworks/CFNetwork.framework/Versions/A/CFNetwork
0x000000000252a000 	/System/Library/Frameworks/SystemConfiguration.framework/Versions/A/SystemConfiguration
0x000000000252a000 	/usr/lib/libCRFSuite.dylib
0x000000000252a000 	/usr/lib/libc++.1.dylib
0x000000000252a000 	/usr/lib/libc++abi.dylib
0x000000000252a000 	/usr/lib/system/libcache.dylib
0x000000000252a000 	/usr/lib/system/libcommonCrypto.dylib
0x000000000252a000 	/usr/lib/system/libcompiler_rt.dylib
0x000000000252a000 	/usr/lib/system/libcopyfile.dylib
0x000000000252a000 	/usr/lib/system/libcorecrypto.dylib
0x000000000252a000 	/usr/lib/system/libdispatch.dylib
0x000000000252a000 	/usr/lib/system/libdyld.dylib
0x000000000252a000 	/usr/lib/system/libkeymgr.dylib
0x000000000252a000 	/usr/lib/system/liblaunch.dylib
0x000000000252a000 	/usr/lib/system/libmacho.dylib
0x000000000252a000 	/usr/lib/system/libquarantine.dylib
0x000000000252a000 	/usr/lib/system/libremovefile.dylib
0x000000000252a000 	/usr/lib/system/libsystem_asl.dylib
0x000000000252a000 	/usr/lib/system/libsystem_blocks.dylib
0x000000000252a000 	/usr/lib/system/libsystem_c.dylib
0x000000000252a000 	/usr/lib/system/libsystem_configuration.dylib
0x000000000252a000 	/usr/lib/system/libsystem_coreservices.dylib
0x000000000252a000 	/usr/lib/system/libsystem_coretls.dylib
0x000000000252a000 	/usr/lib/system/libsystem_dnssd.dylib
0x000000000252a000 	/usr/lib/system/libsystem_info.dylib
0x000000000252a000 	/usr/lib/system/libsystem_kernel.dylib
0x000000000252a000 	/usr/lib/system/libsystem_m.dylib
0x000000000252a000 	/usr/lib/system/libsystem_malloc.dylib
0x000000000252a000 	/usr/lib/system/libsystem_network.dylib
0x000000000252a000 	/usr/lib/system/libsystem_networkextension.dylib
0x000000000252a000 	/usr/lib/system/libsystem_notify.dylib
0x000000000252a000 	/usr/lib/system/libsystem_platform.dylib
0x000000000252a000 	/usr/lib/system/libsystem_pthread.dylib
0x000000000252a000 	/usr/lib/system/libsystem_sandbox.dylib
0x000000000252a000 	/usr/lib/system/libsystem_secinit.dylib
0x000000000252a000 	/usr/lib/system/libsystem_trace.dylib
0x000000000252a000 	/usr/lib/system/libunc.dylib
0x000000000252a000 	/usr/lib/system/libunwind.dylib
0x000000000252a000 	/usr/lib/system/libxpc.dylib
0x000000000252a000 	/usr/lib/libenergytrace.dylib
0x000000000252a000 	/usr/lib/libbsm.0.dylib
0x000000000252a000 	/usr/lib/system/libkxld.dylib
0x000000000252a000 	/usr/lib/libxar.1.dylib
0x000000000252a000 	/usr/lib/libsqlite3.dylib
0x000000000252a000 	/usr/lib/libpam.2.dylib
0x000000000252a000 	/usr/lib/libOpenScriptingUtil.dylib
0x000000000252a000 	/usr/lib/libbz2.1.0.dylib
0x000000000252a000 	/usr/lib/liblzma.5.dylib
0x000000000252a000 	/System/Library/Frameworks/CoreServices.framework/Versions/A/Frameworks/FSEvents.framework/Versions/A/FSEvents
0x000000000252a000 	/System/Library/Frameworks/CoreServices.framework/Versions/A/Frameworks/CarbonCore.framework/Versions/A/CarbonCore
0x000000000252a000 	/System/Library/Frameworks/CoreServices.framework/Versions/A/Frameworks/Metadata.framework/Versions/A/Metadata
0x000000000252a000 	/System/Library/Frameworks/CoreServices.framework/Versions/A/Frameworks/OSServices.framework/Versions/A/OSServices
0x000000000252a000 	/System/Library/Frameworks/CoreServices.framework/Versions/A/Frameworks/SearchKit.framework/Versions/A/SearchKit
0x000000000252a000 	/System/Library/Frameworks/CoreServices.framework/Versions/A/Frameworks/AE.framework/Versions/A/AE
0x000000000252a000 	/System/Library/Frameworks/CoreServices.framework/Versions/A/Frameworks/LaunchServices.framework/Versions/A/LaunchServices
0x000000000252a000 	/System/Library/Frameworks/CoreServices.framework/Versions/A/Frameworks/DictionaryServices.framework/Versions/A/DictionaryServices
0x000000000252a000 	/System/Library/Frameworks/CoreServices.framework/Versions/A/Frameworks/SharedFileList.framework/Versions/A/SharedFileList
0x000000000252a000 	/System/Library/Frameworks/NetFS.framework/Versions/A/NetFS
0x000000000252a000 	/System/Library/PrivateFrameworks/NetAuth.framework/Versions/A/NetAuth
0x000000000252a000 	/System/Library/PrivateFrameworks/login.framework/Versions/A/Frameworks/loginsupport.framework/Versions/A/loginsupport
0x000000000252a000 	/System/Library/PrivateFrameworks/TCC.framework/Versions/A/TCC
0x000000000252a000 	/usr/lib/libmecabra.dylib
0x000000000252a000 	/System/Library/Frameworks/ApplicationServices.framework/Versions/A/Frameworks/ATS.framework/Versions/A/ATS
0x000000000252a000 	/System/Library/Frameworks/ApplicationServices.framework/Versions/A/Frameworks/ColorSync.framework/Versions/A/ColorSync
0x000000000252a000 	/System/Library/Frameworks/ApplicationServices.framework/Versions/A/Frameworks/HIServices.framework/Versions/A/HIServices
0x000000000252a000 	/System/Library/Frameworks/ApplicationServices.framework/Versions/A/Frameworks/LangAnalysis.framework/Versions/A/LangAnalysis
0x000000000252a000 	/System/Library/Frameworks/ApplicationServices.framework/Versions/A/Frameworks/PrintCore.framework/Versions/A/PrintCore
0x000000000252a000 	/System/Library/Frameworks/ApplicationServices.framework/Versions/A/Frameworks/QD.framework/Versions/A/QD
0x000000000252a000 	/System/Library/Frameworks/ApplicationServices.framework/Versions/A/Frameworks/SpeechSynthesis.framework/Versions/A/SpeechSynthesis
0x000000000252a000 	/System/Library/Frameworks/Metal.framework/Versions/A/Metal
0x000000000252a000 	/System/Library/Frameworks/Accelerate.framework/Versions/A/Frameworks/vImage.framework/Versions/A/vImage
0x000000000252a000 	/System/Library/Frameworks/Accelerate.framework/Versions/A/Frameworks/vecLib.framework/Versions/A/vecLib
0x000000000252a000 	/System/Library/Frameworks/Accelerate.framework/Versions/A/Frameworks/vecLib.framework/Versions/A/libvDSP.dylib
0x000000000252a000 	/System/Library/Frameworks/Accelerate.framework/Versions/A/Frameworks/vecLib.framework/Versions/A/libvMisc.dylib
0x000000000252a000 	/System/Library/Frameworks/Accelerate.framework/Versions/A/Frameworks/vecLib.framework/Versions/A/libLAPACK.dylib
0x000000000252a000 	/System/Library/Frameworks/Accelerate.framework/Versions/A/Frameworks/vecLib.framework/Versions/A/libBLAS.dylib
0x000000000252a000 	/System/Library/Frameworks/Accelerate.framework/Versions/A/Frameworks/vecLib.framework/Versions/A/libLinearAlgebra.dylib
0x000000000252a000 	/System/Library/Frameworks/Accelerate.framework/Versions/A/Frameworks/vecLib.framework/Versions/A/libSparseBLAS.dylib
0x000000000252a000 	/System/Library/PrivateFrameworks/GPUCompiler.framework/libmetal_timestamp.dylib
0x000000000252a000 	/System/Library/Frameworks/OpenGL.framework/Versions/A/Libraries/libCoreFSCache.dylib
0x000000000252a000 	/System/Library/PrivateFrameworks/IOAccelerator.framework/Versions/A/IOAccelerator
0x000000000252a000 	/System/Library/Frameworks/ApplicationServices.framework/Versions/A/Frameworks/ATS.framework/Versions/A/Resources/libFontParser.dylib
0x000000000252a000 	/System/Library/Frameworks/ApplicationServices.framework/Versions/A/Frameworks/ATS.framework/Versions/A/Resources/libFontRegistry.dylib
0x000000000252a000 	/System/Library/PrivateFrameworks/AppleVPA.framework/Versions/A/AppleVPA
0x000000000252a000 	/System/Library/PrivateFrameworks/AppleJPEG.framework/Versions/A/AppleJPEG
0x000000000252a000 	/System/Library/Frameworks/ImageIO.framework/Versions/A/Resources/libJPEG.dylib
0x000000000252a000 	/System/Library/Frameworks/ImageIO.framework/Versions/A/Resources/libTIFF.dylib
0x000000000252a000 	/System/Library/Frameworks/ImageIO.framework/Versions/A/Resources/libPng.dylib
0x000000000252a000 	/System/Library/Frameworks/ImageIO.framework/Versions/A/Resources/libGIF.dylib
0x000000000252a000 	/System/Library/Frameworks/ImageIO.framework/Versions/A/Resources/libJP2.dylib
0x000000000252a000 	/System/Library/Frameworks/ImageIO.framework/Versions/A/Resources/libRadiance.dylib
0x000000000252a000 	/System/Library/Frameworks/CoreVideo.framework/Versions/A/CoreVideo
0x000000000252a000 	/System/Library/Frameworks/OpenGL.framework/Versions/A/Libraries/libGLU.dylib
0x000000000252a000 	/System/Library/Frameworks/OpenGL.framework/Versions/A/Libraries/libGFXShared.dylib
0x000000000252a000 	/System/Library/Frameworks/OpenGL.framework/Versions/A/Libraries/libGL.dylib
0x000000000252a000 	/System/Library/Frameworks/OpenGL.framework/Versions/A/Libraries/libGLImage.dylib
0x000000000252a000 	/System/Library/Frameworks/OpenGL.framework/Versions/A/Libraries/libCVMSPluginSupport.dylib
0x000000000252a000 	/System/Library/Frameworks/OpenGL.framework/Versions/A/Libraries/libCoreVMClient.dylib
0x000000000252a000 	/usr/lib/libcompression.dylib
0x000000000252a000 	/usr/lib/libcups.2.dylib
0x000000000252a000 	/System/Library/Frameworks/Kerberos.framework/Versions/A/Kerberos
0x000000000252a000 	/System/Library/Frameworks/GSS.framework/Versions/A/GSS
0x000000000252a000 	/usr/lib/libresolv.9.dylib
0x000000000252a000 	/usr/lib/libiconv.2.dylib
0x000000000252a000 	/System/Library/PrivateFrameworks/Heimdal.framework/Versions/A/Heimdal
0x000000000252a000 	/usr/lib/libheimdal-asn1.dylib
0x000000000252a000 	/System/Library/Frameworks/OpenDirectory.framework/Versions/A/OpenDirectory
0x000000000252a000 	/System/Library/PrivateFrameworks/CommonAuth.framework/Versions/A/CommonAuth
0x000000000252a000 	/System/Library/Frameworks/OpenDirectory.framework/Versions/A/Frameworks/CFOpenDirectory.framework/Versions/A/CFOpenDirectory
0x000000000252a000 	/System/Library/Frameworks/SecurityFoundation.framework/Versions/A/SecurityFoundation
0x000000000252a000 	/System/Library/PrivateFrameworks/LanguageModeling.framework/Versions/A/LanguageModeling
0x000000000252a000 	/usr/lib/libmarisa.dylib
0x000000000252a000 	/usr/lib/libChineseTokenizer.dylib
0x000000000252a000 	/usr/lib/libcmph.dylib
0x000000000252a000 	/System/Library/Frameworks/ServiceManagement.framework/Versions/A/ServiceManagement
0x000000000252a000 	/usr/lib/libxslt.1.dylib
0x000000000252a000 	/System/Library/Frameworks/Carbon.framework/Versions/A/Frameworks/Ink.framework/Versions/A/Ink
0x000000000252a000 	/usr/lib/libFosl_dynamic.dylib
0x000000000252a000 	/System/Library/PrivateFrameworks/FaceCore.framework/Versions/A/FaceCore
0x000000000252a000 	/System/Library/Frameworks/OpenCL.framework/Versions/A/OpenCL
0x000000000252a000 	/System/Library/PrivateFrameworks/CrashReporterSupport.framework/Versions/A/CrashReporterSupport
0x000000000252a000 	/System/Library/PrivateFrameworks/IconServices.framework/Versions/A/IconServices
0x000000000252a000 	/System/Library/PrivateFrameworks/Apple80211.framework/Versions/A/Apple80211
0x000000000252a000 	/System/Library/Frameworks/CoreWLAN.framework/Versions/A/CoreWLAN
0x000000000252a000 	/System/Library/Frameworks/IOBluetooth.framework/Versions/A/IOBluetooth
0x000000000252a000 	/System/Library/PrivateFrameworks/CoreWiFi.framework/Versions/A/CoreWiFi
0x000000000252a000 	/System/Library/Frameworks/CoreBluetooth.framework/Versions/A/CoreBluetooth
0x000000000252a000 	/System/Library/PrivateFrameworks/ChunkingLibrary.framework/Versions/A/ChunkingLibrary
0x000000000252a000 	/System/Library/PrivateFrameworks/DebugSymbols.framework/Versions/A/DebugSymbols
0x000000000252a000 	/System/Library/PrivateFrameworks/CoreSymbolication.framework/Versions/A/CoreSymbolication
0x000000000252a000 	/System/Library/PrivateFrameworks/Symbolication.framework/Versions/A/Symbolication
0x000000000252a000 	/System/Library/PrivateFrameworks/SpeechRecognitionCore.framework/Versions/A/SpeechRecognitionCore
0x000000010a680000 	/Applications/Android Studio.app/Contents/jre/jdk/Contents/Home/jre/lib/server/libjvm.dylib
0x000000000252a000 	/usr/lib/libstdc++.6.dylib
0x000000010b176000 	/Applications/Android Studio.app/Contents/jre/jdk/Contents/Home/jre/lib/libverify.dylib
0x000000010b183000 	/Applications/Android Studio.app/Contents/jre/jdk/Contents/Home/jre/lib/libjava.dylib
0x000000010b1c6000 	/Applications/Android Studio.app/Contents/jre/jdk/Contents/Home/jre/lib/libzip.dylib
0x000000011f645000 	/System/Library/Frameworks/JavaVM.framework/Frameworks/JavaRuntimeSupport.framework/JavaRuntimeSupport
0x000000011f660000 	/System/Library/Frameworks/JavaVM.framework/Versions/A/Frameworks/JavaNativeFoundation.framework/Versions/A/JavaNativeFoundation
0x000000010b1ee000 	/System/Library/Frameworks/JavaVM.framework/Versions/A/JavaVM
0x000000000252a000 	/System/Library/Frameworks/Carbon.framework/Versions/A/Carbon
0x000000011f675000 	/System/Library/PrivateFrameworks/JavaLaunching.framework/Versions/A/JavaLaunching
0x000000000252a000 	/System/Library/Frameworks/Carbon.framework/Versions/A/Frameworks/CommonPanels.framework/Versions/A/CommonPanels
0x000000000252a000 	/System/Library/Frameworks/Carbon.framework/Versions/A/Frameworks/Help.framework/Versions/A/Help
0x000000000252a000 	/System/Library/Frameworks/Carbon.framework/Versions/A/Frameworks/ImageCapture.framework/Versions/A/ImageCapture
0x000000000252a000 	/System/Library/Frameworks/Carbon.framework/Versions/A/Frameworks/OpenScripting.framework/Versions/A/OpenScripting
0x000000000252a000 	/System/Library/Frameworks/Carbon.framework/Versions/A/Frameworks/Print.framework/Versions/A/Print
0x000000000252a000 	/System/Library/Frameworks/Carbon.framework/Versions/A/Frameworks/SecurityHI.framework/Versions/A/SecurityHI
0x0000000121524000 	/Applications/Android Studio.app/Contents/jre/jdk/Contents/Home/jre/lib/libnet.dylib
0x000000012153b000 	/Applications/Android Studio.app/Contents/jre/jdk/Contents/Home/jre/lib/libnio.dylib
0x000000012154b000 	/Users/vjivandro/.gradle/native/23/osx-amd64/libnative-platform.dylib
0x0000000121942000 	/Applications/Android Studio.app/Contents/jre/jdk/Contents/Home/jre/lib/libmanagement.dylib

VM Arguments:
jvm_args: -Xmx1536m -Dfile.encoding=UTF-8 -Duser.country=US -Duser.language=en -Duser.variant 
java_command: org.gradle.launcher.daemon.bootstrap.GradleDaemon 3.3
java_class_path (initial): /Users/vjivandro/.gradle/wrapper/dists/gradle-3.3-all/55gk2rcmfc6p2dg9u9ohc3hw9/gradle-3.3/lib/gradle-launcher-3.3.jar
Launcher Type: SUN_STANDARD

Environment Variables:
PATH=/usr/bin:/bin:/usr/sbin:/sbin
SHELL=/bin/bash

Signal Handlers:
SIGSEGV: [libjvm.dylib+0x57e9cd], sa_mask[0]=11111111011111110111111111111111, sa_flags=SA_ONSTACK|SA_RESTART|SA_SIGINFO
SIGBUS: [libjvm.dylib+0x57e9cd], sa_mask[0]=11111111011111110111111111111111, sa_flags=SA_RESTART|SA_SIGINFO
SIGFPE: [libjvm.dylib+0x45951c], sa_mask[0]=11111111011111110111111111111111, sa_flags=SA_RESTART|SA_SIGINFO
SIGPIPE: [libjvm.dylib+0x45951c], sa_mask[0]=11111111011111110111111111111111, sa_flags=SA_RESTART|SA_SIGINFO
SIGXFSZ: [libjvm.dylib+0x45951c], sa_mask[0]=11111111011111110111111111111111, sa_flags=SA_RESTART|SA_SIGINFO
SIGILL: [libjvm.dylib+0x45951c], sa_mask[0]=11111111011111110111111111111111, sa_flags=SA_RESTART|SA_SIGINFO
SIGUSR1: SIG_DFL, sa_mask[0]=00000000000000000000000000000000, sa_flags=none
SIGUSR2: [libjvm.dylib+0x45903a], sa_mask[0]=00100000000000000000000000000000, sa_flags=SA_RESTART|SA_SIGINFO
SIGHUP: [libjvm.dylib+0x457611], sa_mask[0]=11111111011111110111111111111111, sa_flags=SA_RESTART|SA_SIGINFO
SIGINT: [libjvm.dylib+0x457611], sa_mask[0]=11111111011111110111111111111111, sa_flags=SA_RESTART|SA_SIGINFO
SIGTERM: [libjvm.dylib+0x457611], sa_mask[0]=11111111011111110111111111111111, sa_flags=SA_RESTART|SA_SIGINFO
SIGQUIT: [libjvm.dylib+0x457611], sa_mask[0]=11111111011111110111111111111111, sa_flags=SA_RESTART|SA_SIGINFO


---------------  S Y S T E M  ---------------

OS:Bsduname:Darwin 15.6.0 Darwin Kernel Version 15.6.0: Sun Jun  4 21:43:07 PDT 2017; root:xnu-3248.70.3~1/RELEASE_X86_64 x86_64
rlimit: STACK 8192k, CORE 0k, NPROC 709, NOFILE 10240, AS infinity
load average:2.04 4.04 3.74

CPU:total 2 (2 cores per cpu, 1 threads per core) family 6 model 23 stepping 10, cmov, cx8, fxsr, mmx, sse, sse2, sse3, ssse3, sse4.1, tsc

Memory: 4k page, physical 8388608k(245288k free)

/proc/meminfo:


vm_info: OpenJDK 64-Bit Server VM (25.112-b06) for bsd-amd64 JRE (1.8.0_112-release-b06), built on Dec  6 2016 12:18:58 by "builder" with gcc 4.2.1 (Based on Apple Inc. build 5658) (LLVM build 2336.11.00)

time: Tue Sep 26 16:20:45 2017
elapsed time: 9416 seconds (0d 2h 36m 56s)

